0 info it worked if it ends with ok
1 verbose cli [
1 verbose cli   '/usr/local/bin/node',
1 verbose cli   '/usr/local/bin/npm',
1 verbose cli   'install',
1 verbose cli   '--ignore-scripts',
1 verbose cli   '@types/abbrev@ts3.6',
1 verbose cli   '@types/accepts@ts3.6',
1 verbose cli   '@types/ansi-align@ts3.6',
1 verbose cli   '@types/are-we-there-yet@ts3.6',
1 verbose cli   '@types/asn1@ts3.6',
1 verbose cli   '@types/assert-plus@ts3.6',
1 verbose cli   '@types/aws4@ts3.6',
1 verbose cli   '@types/balanced-match@ts3.6',
1 verbose cli   '@types/body-parser@ts3.6',
1 verbose cli   '@types/brace-expansion@ts3.6',
1 verbose cli   '@types/braces@ts3.6',
1 verbose cli   '@types/bytes@ts3.6',
1 verbose cli   '@types/caseless@ts3.6',
1 verbose cli   '@types/chownr@ts3.6',
1 verbose cli   '@types/color-convert@ts3.6',
1 verbose cli   '@types/color-name@ts3.6',
1 verbose cli   '@types/combined-stream@ts3.6',
1 verbose cli   '@types/concat-map@ts3.6',
1 verbose cli   '@types/configstore@ts3.6',
1 verbose cli   '@types/content-disposition@ts3.6',
1 verbose cli   '@types/content-type@ts3.6',
1 verbose cli   '@types/cookie@ts3.6',
1 verbose cli   '@types/cookie-signature@ts3.6',
1 verbose cli   '@types/dashdash@ts3.6',
1 verbose cli   '@types/debug@ts3.6',
1 verbose cli   '@types/deep-extend@ts3.6',
1 verbose cli   '@types/delegates@ts3.6',
1 verbose cli   '@types/depd@ts3.6',
1 verbose cli   '@types/destroy@ts3.6',
1 verbose cli   '@types/detect-libc@ts3.6',
1 verbose cli   '@types/duplexer3@ts3.6',
1 verbose cli   '@types/ee-first@ts3.6',
1 verbose cli   '@types/encodeurl@ts3.6',
1 verbose cli   '@types/end-of-stream@ts3.6',
1 verbose cli   '@types/escape-html@ts3.6',
1 verbose cli   '@types/etag@ts3.6',
1 verbose cli   '@types/extend@ts3.6',
1 verbose cli   '@types/extsprintf@ts3.6',
1 verbose cli   '@types/fill-range@ts3.6',
1 verbose cli   '@types/finalhandler@ts3.6',
1 verbose cli   '@types/forever-agent@ts3.6',
1 verbose cli   '@types/forwarded@ts3.6',
1 verbose cli   '@types/fresh@ts3.6',
1 verbose cli   '@types/fs-minipass@ts3.6',
1 verbose cli   '@types/gauge@ts3.6',
1 verbose cli   '@types/getpass@ts3.6',
1 verbose cli   '@types/glob-parent@ts3.6',
1 verbose cli   '@types/graceful-fs@ts3.6',
1 verbose cli   '@types/http-cache-semantics@ts3.6',
1 verbose cli   '@types/http-errors@ts3.6',
1 verbose cli   '@types/http-signature@ts3.6',
1 verbose cli   '@types/ignore-walk@ts3.6',
1 verbose cli   '@types/imurmurhash@ts3.6',
1 verbose cli   '@types/inherits@ts3.6',
1 verbose cli   '@types/ini@ts3.6',
1 verbose cli   '@types/is-ci@ts3.6',
1 verbose cli   '@types/is-glob@ts3.6',
1 verbose cli   '@types/is-number@ts3.6',
1 verbose cli   '@types/is-typedarray@ts3.6',
1 verbose cli   '@types/isarray@ts3.6',
1 verbose cli   '@types/isexe@ts3.6',
1 verbose cli   '@types/isstream@ts3.6',
1 verbose cli   '@types/jsbn@ts3.6',
1 verbose cli   '@types/json-buffer@ts3.6',
1 verbose cli   '@types/json-schema@ts3.6',
1 verbose cli   '@types/json-stringify-safe@ts3.6',
1 verbose cli   '@types/jsprim@ts3.6',
1 verbose cli   '@types/media-typer@ts3.6',
1 verbose cli   '@types/merge-descriptors@ts3.6',
1 verbose cli   '@types/methods@ts3.6',
1 verbose cli   '@types/mime@ts3.6',
1 verbose cli   '@types/mime-db@ts3.6',
1 verbose cli   '@types/mime-types@ts3.6',
1 verbose cli   '@types/minimist@ts3.6',
1 verbose cli   '@types/minizlib@ts3.6',
1 verbose cli   '@types/ms@ts3.6',
1 verbose cli   '@types/needle@ts3.6',
1 verbose cli   '@types/negotiator@ts3.6',
1 verbose cli   '@types/nopt@ts3.6',
1 verbose cli   '@types/normalize-path@ts3.6',
1 verbose cli   '@types/npm-packlist@ts3.6',
1 verbose cli   '@types/npmlog@ts3.6',
1 verbose cli   '@types/number-is-nan@ts3.6',
1 verbose cli   '@types/object-assign@ts3.6',
1 verbose cli   '@types/on-finished@ts3.6',
1 verbose cli   '@types/once@ts3.6',
1 verbose cli   '@types/os-homedir@ts3.6',
1 verbose cli   '@types/os-tmpdir@ts3.6',
1 verbose cli   '@types/osenv@ts3.6',
1 verbose cli   '@types/parseurl@ts3.6',
1 verbose cli   '@types/path-is-absolute@ts3.6',
1 verbose cli   '@types/picomatch@ts3.6',
1 verbose cli   '@types/proxy-addr@ts3.6',
1 verbose cli   '@types/psl@ts3.6',
1 verbose cli   '@types/pump@ts3.6',
1 verbose cli   '@types/punycode@ts3.6',
1 verbose cli   ... 36 more items
1 verbose cli ]
2 info using npm@6.14.6
3 info using node@v12.18.3
4 verbose npm-session 97cf5aefb94ad452
5 silly install loadCurrentTree
6 silly install readLocalPackageData
7 http fetch GET 304 https://registry.npmjs.org/@types%2fbalanced-match 292ms (from cache)
8 http fetch GET 304 https://registry.npmjs.org/@types%2fbrace-expansion 297ms (from cache)
9 silly pacote tag manifest for @types/balanced-match@ts3.6 fetched in 301ms
10 http fetch GET 304 https://registry.npmjs.org/@types%2faccepts 311ms (from cache)
11 http fetch GET 304 https://registry.npmjs.org/@types%2fbody-parser 305ms (from cache)
12 silly pacote tag manifest for @types/brace-expansion@ts3.6 fetched in 306ms
13 silly pacote tag manifest for @types/accepts@ts3.6 fetched in 322ms
14 silly pacote tag manifest for @types/body-parser@ts3.6 fetched in 317ms
15 http fetch GET 304 https://registry.npmjs.org/@types%2fbraces 77ms (from cache)
16 silly pacote tag manifest for @types/braces@ts3.6 fetched in 79ms
17 http fetch GET 304 https://registry.npmjs.org/@types%2fchownr 90ms (from cache)
18 http fetch GET 304 https://registry.npmjs.org/@types%2fbytes 99ms (from cache)
19 silly pacote tag manifest for @types/chownr@ts3.6 fetched in 93ms
20 silly pacote tag manifest for @types/bytes@ts3.6 fetched in 103ms
21 http fetch GET 304 https://registry.npmjs.org/@types%2fcolor-convert 78ms (from cache)
22 silly pacote tag manifest for @types/color-convert@ts3.6 fetched in 81ms
23 http fetch GET 304 https://registry.npmjs.org/@types%2fcombined-stream 71ms (from cache)
24 silly pacote tag manifest for @types/combined-stream@ts3.6 fetched in 75ms
25 http fetch GET 304 https://registry.npmjs.org/@types%2fcolor-name 85ms (from cache)
26 silly pacote tag manifest for @types/color-name@ts3.6 fetched in 87ms
27 http fetch GET 304 https://registry.npmjs.org/@types%2fcaseless 216ms (from cache)
28 silly pacote tag manifest for @types/caseless@ts3.6 fetched in 223ms
29 http fetch GET 304 https://registry.npmjs.org/@types%2fconcat-map 88ms (from cache)
30 silly pacote tag manifest for @types/concat-map@ts3.6 fetched in 90ms
31 http fetch GET 304 https://registry.npmjs.org/@types%2fassert-plus 567ms (from cache)
32 silly pacote tag manifest for @types/assert-plus@ts3.6 fetched in 569ms
33 http fetch GET 304 https://registry.npmjs.org/@types%2fcontent-disposition 80ms (from cache)
34 silly pacote tag manifest for @types/content-disposition@ts3.6 fetched in 82ms
35 http fetch GET 304 https://registry.npmjs.org/@types%2fcontent-type 87ms (from cache)
36 silly pacote tag manifest for @types/content-type@ts3.6 fetched in 90ms
37 http fetch GET 304 https://registry.npmjs.org/@types%2fcookie 82ms (from cache)
38 silly pacote tag manifest for @types/cookie@ts3.6 fetched in 85ms
39 http fetch GET 304 https://registry.npmjs.org/@types%2fcookie-signature 100ms (from cache)
40 silly pacote tag manifest for @types/cookie-signature@ts3.6 fetched in 102ms
41 http fetch GET 304 https://registry.npmjs.org/@types%2fconfigstore 202ms (from cache)
42 silly pacote tag manifest for @types/configstore@ts3.6 fetched in 204ms
43 http fetch GET 304 https://registry.npmjs.org/@types%2fdepd 75ms (from cache)
44 silly pacote tag manifest for @types/depd@ts3.6 fetched in 78ms
45 http fetch GET 304 https://registry.npmjs.org/@types%2fdashdash 203ms (from cache)
46 silly pacote tag manifest for @types/dashdash@ts3.6 fetched in 205ms
47 http fetch GET 304 https://registry.npmjs.org/@types%2fdebug 181ms (from cache)
48 silly pacote tag manifest for @types/debug@ts3.6 fetched in 183ms
49 http fetch GET 304 https://registry.npmjs.org/@types%2fdestroy 78ms (from cache)
50 silly pacote tag manifest for @types/destroy@ts3.6 fetched in 80ms
51 http fetch GET 304 https://registry.npmjs.org/@types%2fee-first 187ms (from cache)
52 silly pacote tag manifest for @types/ee-first@ts3.6 fetched in 189ms
53 http fetch GET 304 https://registry.npmjs.org/@types%2fencodeurl 136ms (from cache)
54 silly pacote tag manifest for @types/encodeurl@ts3.6 fetched in 138ms
55 http fetch GET 304 https://registry.npmjs.org/@types%2fend-of-stream 72ms (from cache)
56 silly pacote tag manifest for @types/end-of-stream@ts3.6 fetched in 74ms
57 http fetch GET 304 https://registry.npmjs.org/@types%2fescape-html 69ms (from cache)
58 silly pacote tag manifest for @types/escape-html@ts3.6 fetched in 71ms
59 http fetch GET 304 https://registry.npmjs.org/@types%2fetag 70ms (from cache)
60 silly pacote tag manifest for @types/etag@ts3.6 fetched in 74ms
61 http fetch GET 304 https://registry.npmjs.org/@types%2fextend 211ms (from cache)
62 silly pacote tag manifest for @types/extend@ts3.6 fetched in 215ms
63 http fetch GET 304 https://registry.npmjs.org/@types%2fare-we-there-yet 2097ms (from cache)
64 http fetch GET 304 https://registry.npmjs.org/@types%2fasn1 2099ms (from cache)
65 silly pacote tag manifest for @types/are-we-there-yet@ts3.6 fetched in 2102ms
66 silly pacote tag manifest for @types/asn1@ts3.6 fetched in 2102ms
67 http fetch GET 304 https://registry.npmjs.org/@types%2fabbrev 2159ms (from cache)
68 silly pacote tag manifest for @types/abbrev@ts3.6 fetched in 2166ms
69 http fetch GET 304 https://registry.npmjs.org/@types%2ffinalhandler 86ms (from cache)
70 silly pacote tag manifest for @types/finalhandler@ts3.6 fetched in 93ms
71 http fetch GET 200 https://registry.npmjs.org/@types%2ffill-range 100ms
72 silly fetchPackageMetaData error for @types/fill-range@ts3.6 No matching version found for @types/fill-range@ts3.6.
73 http fetch GET 304 https://registry.npmjs.org/@types%2fforwarded 69ms (from cache)
74 silly pacote tag manifest for @types/forwarded@ts3.6 fetched in 71ms
75 http fetch GET 304 https://registry.npmjs.org/@types%2ffresh 97ms (from cache)
76 silly pacote tag manifest for @types/fresh@ts3.6 fetched in 99ms
77 http fetch GET 200 https://registry.npmjs.org/@types%2ffs-minipass 70ms
78 silly fetchPackageMetaData error for @types/fs-minipass@ts3.6 No matching version found for @types/fs-minipass@ts3.6.
79 http fetch GET 304 https://registry.npmjs.org/@types%2fforever-agent 203ms (from cache)
80 silly pacote tag manifest for @types/forever-agent@ts3.6 fetched in 205ms
81 http fetch GET 304 https://registry.npmjs.org/@types%2fglob-parent 86ms (from cache)
82 silly pacote tag manifest for @types/glob-parent@ts3.6 fetched in 88ms
83 http fetch GET 304 https://registry.npmjs.org/@types%2fgraceful-fs 79ms (from cache)
84 http fetch GET 304 https://registry.npmjs.org/@types%2fdeep-extend 1891ms (from cache)
85 silly pacote tag manifest for @types/graceful-fs@ts3.6 fetched in 82ms
86 http fetch GET 200 https://registry.npmjs.org/@types%2fdelegates 1860ms
87 silly fetchPackageMetaData error for @types/delegates@ts3.6 No matching version found for @types/delegates@ts3.6.
88 silly pacote tag manifest for @types/deep-extend@ts3.6 fetched in 1896ms
89 http fetch GET 304 https://registry.npmjs.org/@types%2faws4 2571ms (from cache)
90 silly pacote tag manifest for @types/aws4@ts3.6 fetched in 2573ms
91 http fetch GET 304 https://registry.npmjs.org/@types%2fhttp-errors 79ms (from cache)
92 silly pacote tag manifest for @types/http-errors@ts3.6 fetched in 81ms
93 http fetch GET 304 https://registry.npmjs.org/@types%2fhttp-cache-semantics 85ms (from cache)
94 silly pacote tag manifest for @types/http-cache-semantics@ts3.6 fetched in 88ms
95 http fetch GET 304 https://registry.npmjs.org/@types%2finherits 69ms (from cache)
96 silly pacote tag manifest for @types/inherits@ts3.6 fetched in 73ms
97 http fetch GET 200 https://registry.npmjs.org/@types%2fansi-align 2714ms
98 silly fetchPackageMetaData error for @types/ansi-align@ts3.6 No matching version found for @types/ansi-align@ts3.6.
99 http fetch GET 304 https://registry.npmjs.org/@types%2fimurmurhash 97ms (from cache)
100 silly pacote tag manifest for @types/imurmurhash@ts3.6 fetched in 98ms
101 http fetch GET 304 https://registry.npmjs.org/@types%2fini 68ms (from cache)
102 silly pacote tag manifest for @types/ini@ts3.6 fetched in 70ms
103 http fetch GET 304 https://registry.npmjs.org/@types%2fis-glob 87ms (from cache)
104 silly pacote tag manifest for @types/is-glob@ts3.6 fetched in 89ms
105 http fetch GET 304 https://registry.npmjs.org/@types%2fis-number 73ms (from cache)
106 silly pacote tag manifest for @types/is-number@ts3.6 fetched in 75ms
107 http fetch GET 304 https://registry.npmjs.org/@types%2fis-ci 140ms (from cache)
108 silly pacote tag manifest for @types/is-ci@ts3.6 fetched in 143ms
109 http fetch GET 304 https://registry.npmjs.org/@types%2fis-typedarray 80ms (from cache)
110 silly pacote tag manifest for @types/is-typedarray@ts3.6 fetched in 82ms
111 http fetch GET 304 https://registry.npmjs.org/@types%2fisarray 92ms (from cache)
112 silly pacote tag manifest for @types/isarray@ts3.6 fetched in 93ms
113 http fetch GET 304 https://registry.npmjs.org/@types%2fisexe 92ms (from cache)
114 silly pacote tag manifest for @types/isexe@ts3.6 fetched in 93ms
115 http fetch GET 304 https://registry.npmjs.org/@types%2fjson-buffer 87ms (from cache)
116 silly pacote tag manifest for @types/json-buffer@ts3.6 fetched in 89ms
117 http fetch GET 304 https://registry.npmjs.org/@types%2fjson-schema 68ms (from cache)
118 silly pacote tag manifest for @types/json-schema@ts3.6 fetched in 73ms
119 http fetch GET 304 https://registry.npmjs.org/@types%2fduplexer3 2511ms (from cache)
120 silly pacote tag manifest for @types/duplexer3@ts3.6 fetched in 2515ms
121 http fetch GET 304 https://registry.npmjs.org/@types%2fdetect-libc 2578ms (from cache)
122 silly pacote tag manifest for @types/detect-libc@ts3.6 fetched in 2579ms
123 http fetch GET 304 https://registry.npmjs.org/@types%2fmedia-typer 71ms (from cache)
124 silly pacote tag manifest for @types/media-typer@ts3.6 fetched in 73ms
125 http fetch GET 304 https://registry.npmjs.org/@types%2fmerge-descriptors 84ms (from cache)
126 silly pacote tag manifest for @types/merge-descriptors@ts3.6 fetched in 86ms
127 http fetch GET 304 https://registry.npmjs.org/@types%2fextsprintf 1938ms (from cache)
128 silly pacote tag manifest for @types/extsprintf@ts3.6 fetched in 1940ms
129 http fetch GET 304 https://registry.npmjs.org/@types%2fmethods 75ms (from cache)
130 silly pacote tag manifest for @types/methods@ts3.6 fetched in 77ms
131 http fetch GET 304 https://registry.npmjs.org/@types%2fmime 80ms (from cache)
132 silly pacote tag manifest for @types/mime@ts3.6 fetched in 82ms
133 http fetch GET 304 https://registry.npmjs.org/@types%2fmime-types 71ms (from cache)
134 http fetch GET 304 https://registry.npmjs.org/@types%2fmime-db 105ms (from cache)
135 silly pacote tag manifest for @types/mime-types@ts3.6 fetched in 74ms
136 silly pacote tag manifest for @types/mime-db@ts3.6 fetched in 110ms
137 http fetch GET 304 https://registry.npmjs.org/@types%2fminimist 73ms (from cache)
138 silly pacote tag manifest for @types/minimist@ts3.6 fetched in 75ms
139 http fetch GET 304 https://registry.npmjs.org/@types%2fminizlib 84ms (from cache)
140 silly pacote tag manifest for @types/minizlib@ts3.6 fetched in 86ms
141 http fetch GET 304 https://registry.npmjs.org/@types%2fms 78ms (from cache)
142 silly pacote tag manifest for @types/ms@ts3.6 fetched in 80ms
143 http fetch GET 304 https://registry.npmjs.org/@types%2fnegotiator 79ms (from cache)
144 silly pacote tag manifest for @types/negotiator@ts3.6 fetched in 82ms
145 http fetch GET 200 https://registry.npmjs.org/@types%2fgauge 1798ms
146 silly fetchPackageMetaData error for @types/gauge@ts3.6 No matching version found for @types/gauge@ts3.6.
147 http fetch GET 304 https://registry.npmjs.org/@types%2fjson-stringify-safe 1051ms (from cache)
148 silly pacote tag manifest for @types/json-stringify-safe@ts3.6 fetched in 1052ms
149 http fetch GET 304 https://registry.npmjs.org/@types%2fnormalize-path 85ms (from cache)
150 silly pacote tag manifest for @types/normalize-path@ts3.6 fetched in 86ms
151 http fetch GET 304 https://registry.npmjs.org/@types%2fnpmlog 74ms (from cache)
152 silly pacote tag manifest for @types/npmlog@ts3.6 fetched in 77ms
153 http fetch GET 304 https://registry.npmjs.org/@types%2fignore-walk 2086ms (from cache)
154 silly pacote tag manifest for @types/ignore-walk@ts3.6 fetched in 2090ms
155 http fetch GET 304 https://registry.npmjs.org/@types%2fobject-assign 75ms (from cache)
156 silly pacote tag manifest for @types/object-assign@ts3.6 fetched in 77ms
157 http fetch GET 304 https://registry.npmjs.org/@types%2fgetpass 2419ms (from cache)
158 silly pacote tag manifest for @types/getpass@ts3.6 fetched in 2421ms
159 http fetch GET 304 https://registry.npmjs.org/@types%2fon-finished 71ms (from cache)
160 silly pacote tag manifest for @types/on-finished@ts3.6 fetched in 75ms
161 http fetch GET 304 https://registry.npmjs.org/@types%2fjsbn 1894ms (from cache)
162 silly pacote tag manifest for @types/jsbn@ts3.6 fetched in 1896ms
163 http fetch GET 304 https://registry.npmjs.org/@types%2fonce 80ms (from cache)
164 silly pacote tag manifest for @types/once@ts3.6 fetched in 82ms
165 http fetch GET 304 https://registry.npmjs.org/@types%2fisstream 2037ms (from cache)
166 silly pacote tag manifest for @types/isstream@ts3.6 fetched in 2039ms
167 http fetch GET 200 https://registry.npmjs.org/@types%2fhttp-signature 2421ms
168 silly fetchPackageMetaData error for @types/http-signature@ts3.6 No matching version found for @types/http-signature@ts3.6.
169 http fetch GET 304 https://registry.npmjs.org/@types%2fparseurl 75ms (from cache)
170 silly pacote tag manifest for @types/parseurl@ts3.6 fetched in 77ms
171 http fetch GET 304 https://registry.npmjs.org/@types%2fos-tmpdir 196ms (from cache)
172 http fetch GET 304 https://registry.npmjs.org/@types%2fos-homedir 208ms (from cache)
173 silly pacote tag manifest for @types/os-tmpdir@ts3.6 fetched in 199ms
174 silly pacote tag manifest for @types/os-homedir@ts3.6 fetched in 211ms
175 http fetch GET 304 https://registry.npmjs.org/@types%2fpath-is-absolute 91ms (from cache)
176 silly pacote tag manifest for @types/path-is-absolute@ts3.6 fetched in 93ms
177 http fetch GET 304 https://registry.npmjs.org/@types%2fpicomatch 78ms (from cache)
178 silly pacote tag manifest for @types/picomatch@ts3.6 fetched in 80ms
179 http fetch GET 304 https://registry.npmjs.org/@types%2fproxy-addr 69ms (from cache)
180 http fetch GET 304 https://registry.npmjs.org/@types%2fpsl 69ms (from cache)
181 silly pacote tag manifest for @types/proxy-addr@ts3.6 fetched in 71ms
182 silly pacote tag manifest for @types/psl@ts3.6 fetched in 72ms
183 http fetch GET 304 https://registry.npmjs.org/@types%2fpump 80ms (from cache)
184 silly pacote tag manifest for @types/pump@ts3.6 fetched in 83ms
185 http fetch GET 304 https://registry.npmjs.org/@types%2fpunycode 78ms (from cache)
186 silly pacote tag manifest for @types/punycode@ts3.6 fetched in 81ms
187 http fetch GET 304 https://registry.npmjs.org/@types%2fqs 79ms (from cache)
188 http fetch GET 304 https://registry.npmjs.org/@types%2frange-parser 79ms (from cache)
189 silly pacote tag manifest for @types/qs@ts3.6 fetched in 82ms
190 silly pacote tag manifest for @types/range-parser@ts3.6 fetched in 83ms
191 http fetch GET 200 https://registry.npmjs.org/@types%2fjsprim 1932ms
192 silly fetchPackageMetaData error for @types/jsprim@ts3.6 No matching version found for @types/jsprim@ts3.6.
193 http fetch GET 304 https://registry.npmjs.org/@types%2freadable-stream 99ms (from cache)
194 silly pacote tag manifest for @types/readable-stream@ts3.6 fetched in 100ms
195 http fetch GET 304 https://registry.npmjs.org/@types%2fresponselike 87ms (from cache)
196 silly pacote tag manifest for @types/responselike@ts3.6 fetched in 90ms
197 http fetch GET 304 https://registry.npmjs.org/@types%2fsafer-buffer 97ms (from cache)
198 silly pacote tag manifest for @types/safer-buffer@ts3.6 fetched in 99ms
199 http fetch GET 304 https://registry.npmjs.org/@types%2frequest 209ms (from cache)
200 silly pacote tag manifest for @types/request@ts3.6 fetched in 211ms
201 http fetch GET 304 https://registry.npmjs.org/@types%2fsax 72ms (from cache)
202 silly pacote tag manifest for @types/sax@ts3.6 fetched in 75ms
203 http fetch GET 304 https://registry.npmjs.org/@types%2fsemver 74ms (from cache)
204 silly pacote tag manifest for @types/semver@ts3.6 fetched in 77ms
205 http fetch GET 304 https://registry.npmjs.org/@types%2fsend 72ms (from cache)
206 silly pacote tag manifest for @types/send@ts3.6 fetched in 74ms
207 http fetch GET 304 https://registry.npmjs.org/@types%2fserve-static 74ms (from cache)
208 silly pacote tag manifest for @types/serve-static@ts3.6 fetched in 76ms
209 http fetch GET 200 https://registry.npmjs.org/@types%2fset-blocking 69ms
210 silly fetchPackageMetaData error for @types/set-blocking@ts3.6 No matching version found for @types/set-blocking@ts3.6.
211 http fetch GET 304 https://registry.npmjs.org/@types%2fsignal-exit 76ms (from cache)
212 silly pacote tag manifest for @types/signal-exit@ts3.6 fetched in 78ms
213 http fetch GET 304 https://registry.npmjs.org/@types%2fstatuses 70ms (from cache)
214 silly pacote tag manifest for @types/statuses@ts3.6 fetched in 72ms
215 http fetch GET 304 https://registry.npmjs.org/@types%2ftar 61ms (from cache)
216 silly pacote tag manifest for @types/tar@ts3.6 fetched in 66ms
217 http fetch GET 304 https://registry.npmjs.org/@types%2fsupports-color 111ms (from cache)
218 silly pacote tag manifest for @types/supports-color@ts3.6 fetched in 113ms
219 http fetch GET 200 https://registry.npmjs.org/@types%2fto-regex-range 63ms
220 silly fetchPackageMetaData error for @types/to-regex-range@ts3.6 No matching version found for @types/to-regex-range@ts3.6.
221 http fetch GET 200 https://registry.npmjs.org/@types%2ftoidentifier 79ms
222 silly fetchPackageMetaData error for @types/toidentifier@ts3.6 No matching version found for @types/toidentifier@ts3.6.
223 http fetch GET 304 https://registry.npmjs.org/@types%2ftough-cookie 69ms (from cache)
224 silly pacote tag manifest for @types/tough-cookie@ts3.6 fetched in 71ms
225 http fetch GET 304 https://registry.npmjs.org/@types%2ftype-is 67ms (from cache)
226 silly pacote tag manifest for @types/type-is@ts3.6 fetched in 69ms
227 http fetch GET 200 https://registry.npmjs.org/@types%2ftypedarray-to-buffer 68ms
228 silly fetchPackageMetaData error for @types/typedarray-to-buffer@ts3.6 No matching version found for @types/typedarray-to-buffer@ts3.6.
229 http fetch GET 304 https://registry.npmjs.org/@types%2fnopt 2124ms (from cache)
230 silly pacote tag manifest for @types/nopt@ts3.6 fetched in 2126ms
231 http fetch GET 304 https://registry.npmjs.org/@types%2fnumber-is-nan 1951ms (from cache)
232 silly pacote tag manifest for @types/number-is-nan@ts3.6 fetched in 1954ms
233 http fetch GET 304 https://registry.npmjs.org/@types%2futil-deprecate 82ms (from cache)
234 silly pacote tag manifest for @types/util-deprecate@ts3.6 fetched in 85ms
235 http fetch GET 304 https://registry.npmjs.org/@types%2fneedle 2510ms (from cache)
236 silly pacote tag manifest for @types/needle@ts3.6 fetched in 2512ms
237 http fetch GET 304 https://registry.npmjs.org/@types%2fuuid 69ms (from cache)
238 silly pacote tag manifest for @types/uuid@ts3.6 fetched in 74ms
239 http fetch GET 304 https://registry.npmjs.org/@types%2futils-merge 91ms (from cache)
240 silly pacote tag manifest for @types/utils-merge@ts3.6 fetched in 93ms
241 http fetch GET 304 https://registry.npmjs.org/@types%2fvary 96ms (from cache)
242 silly pacote tag manifest for @types/vary@ts3.6 fetched in 99ms
243 http fetch GET 304 https://registry.npmjs.org/@types%2fwhich 73ms (from cache)
244 silly pacote tag manifest for @types/which@ts3.6 fetched in 76ms
245 http fetch GET 304 https://registry.npmjs.org/@types%2fwrite-file-atomic 64ms (from cache)
246 silly pacote tag manifest for @types/write-file-atomic@ts3.6 fetched in 66ms
247 http fetch GET 304 https://registry.npmjs.org/@types%2fnpm-packlist 2535ms (from cache)
248 silly pacote tag manifest for @types/npm-packlist@ts3.6 fetched in 2537ms
249 http fetch GET 304 https://registry.npmjs.org/@types%2fyallist 189ms (from cache)
250 silly pacote tag manifest for @types/yallist@ts3.6 fetched in 191ms
251 http fetch GET 304 https://registry.npmjs.org/@types%2frc 1956ms (from cache)
252 silly pacote tag manifest for @types/rc@ts3.6 fetched in 1961ms
253 http fetch GET 304 https://registry.npmjs.org/@types%2fregistry-auth-token 1977ms (from cache)
254 silly pacote tag manifest for @types/registry-auth-token@ts3.6 fetched in 1984ms
255 http fetch GET 304 https://registry.npmjs.org/@types%2fosenv 2484ms (from cache)
256 silly pacote tag manifest for @types/osenv@ts3.6 fetched in 2488ms
257 http fetch GET 304 https://registry.npmjs.org/@types%2fsshpk 1939ms (from cache)
258 silly pacote tag manifest for @types/sshpk@ts3.6 fetched in 1958ms
259 http fetch GET 304 https://registry.npmjs.org/@types%2fupdate-notifier 1955ms (from cache)
260 silly pacote tag manifest for @types/update-notifier@ts3.6 fetched in 1959ms
261 http fetch GET 200 https://registry.npmjs.org/@types%2furl-parse-lax 2023ms
262 silly fetchPackageMetaData error for @types/url-parse-lax@ts3.6 No matching version found for @types/url-parse-lax@ts3.6.
263 http fetch GET 304 https://registry.npmjs.org/@types%2fverror 1772ms (from cache)
264 silly pacote tag manifest for @types/verror@ts3.6 fetched in 1775ms
265 http fetch GET 304 https://registry.npmjs.org/@types%2ftouch 2626ms (from cache)
266 silly pacote tag manifest for @types/touch@ts3.6 fetched in 2628ms
267 timing stage:rollbackFailedOptional Completed in 1ms
268 timing stage:runTopLevelLifecycles Completed in 8431ms
269 verbose type tag
270 verbose stack @types/fill-range: No matching version found for @types/fill-range@ts3.6.
270 verbose stack     at pickManifest (/usr/local/lib/node_modules/npm/node_modules/npm-pick-manifest/index.js:122:13)
270 verbose stack     at /usr/local/lib/node_modules/npm/node_modules/pacote/lib/fetchers/registry/manifest.js:24:14
270 verbose stack     at tryCatcher (/usr/local/lib/node_modules/npm/node_modules/bluebird/js/release/util.js:16:23)
270 verbose stack     at Promise._settlePromiseFromHandler (/usr/local/lib/node_modules/npm/node_modules/bluebird/js/release/promise.js:517:31)
270 verbose stack     at Promise._settlePromise (/usr/local/lib/node_modules/npm/node_modules/bluebird/js/release/promise.js:574:18)
270 verbose stack     at Promise._settlePromise0 (/usr/local/lib/node_modules/npm/node_modules/bluebird/js/release/promise.js:619:10)
270 verbose stack     at Promise._settlePromises (/usr/local/lib/node_modules/npm/node_modules/bluebird/js/release/promise.js:699:18)
270 verbose stack     at _drainQueueStep (/usr/local/lib/node_modules/npm/node_modules/bluebird/js/release/async.js:138:12)
270 verbose stack     at _drainQueue (/usr/local/lib/node_modules/npm/node_modules/bluebird/js/release/async.js:131:9)
270 verbose stack     at Async._drainQueues (/usr/local/lib/node_modules/npm/node_modules/bluebird/js/release/async.js:147:5)
270 verbose stack     at Immediate.Async.drainQueues [as _onImmediate] (/usr/local/lib/node_modules/npm/node_modules/bluebird/js/release/async.js:17:14)
270 verbose stack     at processImmediate (internal/timers.js:456:21)
271 verbose cwd /home/theia/.cache/typescript/3.6
272 verbose Linux 5.15.90.1-microsoft-standard-WSL2
273 verbose argv "/usr/local/bin/node" "/usr/local/bin/npm" "install" "--ignore-scripts" "@types/abbrev@ts3.6" "@types/accepts@ts3.6" "@types/ansi-align@ts3.6" "@types/are-we-there-yet@ts3.6" "@types/asn1@ts3.6" "@types/assert-plus@ts3.6" "@types/aws4@ts3.6" "@types/balanced-match@ts3.6" "@types/body-parser@ts3.6" "@types/brace-expansion@ts3.6" "@types/braces@ts3.6" "@types/bytes@ts3.6" "@types/caseless@ts3.6" "@types/chownr@ts3.6" "@types/color-convert@ts3.6" "@types/color-name@ts3.6" "@types/combined-stream@ts3.6" "@types/concat-map@ts3.6" "@types/configstore@ts3.6" "@types/content-disposition@ts3.6" "@types/content-type@ts3.6" "@types/cookie@ts3.6" "@types/cookie-signature@ts3.6" "@types/dashdash@ts3.6" "@types/debug@ts3.6" "@types/deep-extend@ts3.6" "@types/delegates@ts3.6" "@types/depd@ts3.6" "@types/destroy@ts3.6" "@types/detect-libc@ts3.6" "@types/duplexer3@ts3.6" "@types/ee-first@ts3.6" "@types/encodeurl@ts3.6" "@types/end-of-stream@ts3.6" "@types/escape-html@ts3.6" "@types/etag@ts3.6" "@types/extend@ts3.6" "@types/extsprintf@ts3.6" "@types/fill-range@ts3.6" "@types/finalhandler@ts3.6" "@types/forever-agent@ts3.6" "@types/forwarded@ts3.6" "@types/fresh@ts3.6" "@types/fs-minipass@ts3.6" "@types/gauge@ts3.6" "@types/getpass@ts3.6" "@types/glob-parent@ts3.6" "@types/graceful-fs@ts3.6" "@types/http-cache-semantics@ts3.6" "@types/http-errors@ts3.6" "@types/http-signature@ts3.6" "@types/ignore-walk@ts3.6" "@types/imurmurhash@ts3.6" "@types/inherits@ts3.6" "@types/ini@ts3.6" "@types/is-ci@ts3.6" "@types/is-glob@ts3.6" "@types/is-number@ts3.6" "@types/is-typedarray@ts3.6" "@types/isarray@ts3.6" "@types/isexe@ts3.6" "@types/isstream@ts3.6" "@types/jsbn@ts3.6" "@types/json-buffer@ts3.6" "@types/json-schema@ts3.6" "@types/json-stringify-safe@ts3.6" "@types/jsprim@ts3.6" "@types/media-typer@ts3.6" "@types/merge-descriptors@ts3.6" "@types/methods@ts3.6" "@types/mime@ts3.6" "@types/mime-db@ts3.6" "@types/mime-types@ts3.6" "@types/minimist@ts3.6" "@types/minizlib@ts3.6" "@types/ms@ts3.6" "@types/needle@ts3.6" "@types/negotiator@ts3.6" "@types/nopt@ts3.6" "@types/normalize-path@ts3.6" "@types/npm-packlist@ts3.6" "@types/npmlog@ts3.6" "@types/number-is-nan@ts3.6" "@types/object-assign@ts3.6" "@types/on-finished@ts3.6" "@types/once@ts3.6" "@types/os-homedir@ts3.6" "@types/os-tmpdir@ts3.6" "@types/osenv@ts3.6" "@types/parseurl@ts3.6" "@types/path-is-absolute@ts3.6" "@types/picomatch@ts3.6" "@types/proxy-addr@ts3.6" "@types/psl@ts3.6" "@types/pump@ts3.6" "@types/punycode@ts3.6" "@types/qs@ts3.6" "@types/range-parser@ts3.6" "@types/rc@ts3.6" "@types/readable-stream@ts3.6" "@types/registry-auth-token@ts3.6" "@types/request@ts3.6" "@types/responselike@ts3.6" "@types/safer-buffer@ts3.6" "@types/sax@ts3.6" "@types/semver@ts3.6" "@types/send@ts3.6" "@types/serve-static@ts3.6" "@types/set-blocking@ts3.6" "@types/signal-exit@ts3.6" "@types/sshpk@ts3.6" "@types/statuses@ts3.6" "@types/supports-color@ts3.6" "@types/tar@ts3.6" "@types/to-regex-range@ts3.6" "@types/toidentifier@ts3.6" "@types/touch@ts3.6" "@types/tough-cookie@ts3.6" "@types/type-is@ts3.6" "@types/typedarray-to-buffer@ts3.6" "@types/update-notifier@ts3.6" "@types/url-parse-lax@ts3.6" "@types/util-deprecate@ts3.6" "@types/utils-merge@ts3.6" "@types/uuid@ts3.6" "@types/vary@ts3.6" "@types/verror@ts3.6" "@types/which@ts3.6" "@types/write-file-atomic@ts3.6" "@types/yallist@ts3.6" "--save-dev" "--user-agent=typesInstaller/3.6.3"
274 verbose node v12.18.3
275 verbose npm  v6.14.6
276 error code ETARGET
277 error notarget No matching version found for @types/fill-range@ts3.6.
278 error notarget In most cases you or one of your dependencies are requesting
278 error notarget a package version that doesn't exist.
279 verbose exit [ 1, true ]
