0 info it worked if it ends with ok
1 verbose cli [
1 verbose cli   '/usr/local/bin/node',
1 verbose cli   '/usr/local/bin/npm',
1 verbose cli   'install',
1 verbose cli   '--ignore-scripts',
1 verbose cli   '@types/abbrev@ts3.6',
1 verbose cli   '@types/accepts@ts3.6',
1 verbose cli   '@types/ansi-align@ts3.6',
1 verbose cli   '@types/are-we-there-yet@ts3.6',
1 verbose cli   '@types/asn1@ts3.6',
1 verbose cli   '@types/assert-plus@ts3.6',
1 verbose cli   '@types/aws4@ts3.6',
1 verbose cli   '@types/balanced-match@ts3.6',
1 verbose cli   '@types/body-parser@ts3.6',
1 verbose cli   '@types/brace-expansion@ts3.6',
1 verbose cli   '@types/braces@ts3.6',
1 verbose cli   '@types/bytes@ts3.6',
1 verbose cli   '@types/caseless@ts3.6',
1 verbose cli   '@types/chownr@ts3.6',
1 verbose cli   '@types/color-convert@ts3.6',
1 verbose cli   '@types/color-name@ts3.6',
1 verbose cli   '@types/combined-stream@ts3.6',
1 verbose cli   '@types/concat-map@ts3.6',
1 verbose cli   '@types/configstore@ts3.6',
1 verbose cli   '@types/content-disposition@ts3.6',
1 verbose cli   '@types/content-type@ts3.6',
1 verbose cli   '@types/cookie@ts3.6',
1 verbose cli   '@types/cookie-signature@ts3.6',
1 verbose cli   '@types/dashdash@ts3.6',
1 verbose cli   '@types/debug@ts3.6',
1 verbose cli   '@types/deep-extend@ts3.6',
1 verbose cli   '@types/delegates@ts3.6',
1 verbose cli   '@types/depd@ts3.6',
1 verbose cli   '@types/destroy@ts3.6',
1 verbose cli   '@types/detect-libc@ts3.6',
1 verbose cli   '@types/duplexer3@ts3.6',
1 verbose cli   '@types/ee-first@ts3.6',
1 verbose cli   '@types/encodeurl@ts3.6',
1 verbose cli   '@types/end-of-stream@ts3.6',
1 verbose cli   '@types/escape-html@ts3.6',
1 verbose cli   '@types/etag@ts3.6',
1 verbose cli   '@types/extend@ts3.6',
1 verbose cli   '@types/extsprintf@ts3.6',
1 verbose cli   '@types/fill-range@ts3.6',
1 verbose cli   '@types/finalhandler@ts3.6',
1 verbose cli   '@types/forever-agent@ts3.6',
1 verbose cli   '@types/forwarded@ts3.6',
1 verbose cli   '@types/fresh@ts3.6',
1 verbose cli   '@types/fs-minipass@ts3.6',
1 verbose cli   '@types/gauge@ts3.6',
1 verbose cli   '@types/getpass@ts3.6',
1 verbose cli   '@types/glob-parent@ts3.6',
1 verbose cli   '@types/graceful-fs@ts3.6',
1 verbose cli   '@types/http-cache-semantics@ts3.6',
1 verbose cli   '@types/http-errors@ts3.6',
1 verbose cli   '@types/http-signature@ts3.6',
1 verbose cli   '@types/ignore-walk@ts3.6',
1 verbose cli   '@types/imurmurhash@ts3.6',
1 verbose cli   '@types/inherits@ts3.6',
1 verbose cli   '@types/ini@ts3.6',
1 verbose cli   '@types/is-ci@ts3.6',
1 verbose cli   '@types/is-glob@ts3.6',
1 verbose cli   '@types/is-number@ts3.6',
1 verbose cli   '@types/is-typedarray@ts3.6',
1 verbose cli   '@types/isarray@ts3.6',
1 verbose cli   '@types/isexe@ts3.6',
1 verbose cli   '@types/isstream@ts3.6',
1 verbose cli   '@types/jsbn@ts3.6',
1 verbose cli   '@types/json-buffer@ts3.6',
1 verbose cli   '@types/json-schema@ts3.6',
1 verbose cli   '@types/json-stringify-safe@ts3.6',
1 verbose cli   '@types/jsprim@ts3.6',
1 verbose cli   '@types/media-typer@ts3.6',
1 verbose cli   '@types/merge-descriptors@ts3.6',
1 verbose cli   '@types/methods@ts3.6',
1 verbose cli   '@types/mime@ts3.6',
1 verbose cli   '@types/mime-db@ts3.6',
1 verbose cli   '@types/mime-types@ts3.6',
1 verbose cli   '@types/minimist@ts3.6',
1 verbose cli   '@types/minizlib@ts3.6',
1 verbose cli   '@types/ms@ts3.6',
1 verbose cli   '@types/needle@ts3.6',
1 verbose cli   '@types/negotiator@ts3.6',
1 verbose cli   '@types/nopt@ts3.6',
1 verbose cli   '@types/normalize-path@ts3.6',
1 verbose cli   '@types/npm-packlist@ts3.6',
1 verbose cli   '@types/npmlog@ts3.6',
1 verbose cli   '@types/number-is-nan@ts3.6',
1 verbose cli   '@types/object-assign@ts3.6',
1 verbose cli   '@types/on-finished@ts3.6',
1 verbose cli   '@types/once@ts3.6',
1 verbose cli   '@types/os-homedir@ts3.6',
1 verbose cli   '@types/os-tmpdir@ts3.6',
1 verbose cli   '@types/osenv@ts3.6',
1 verbose cli   '@types/parseurl@ts3.6',
1 verbose cli   '@types/path-is-absolute@ts3.6',
1 verbose cli   '@types/picomatch@ts3.6',
1 verbose cli   '@types/proxy-addr@ts3.6',
1 verbose cli   '@types/psl@ts3.6',
1 verbose cli   '@types/pump@ts3.6',
1 verbose cli   '@types/punycode@ts3.6',
1 verbose cli   ... 36 more items
1 verbose cli ]
2 info using npm@6.14.6
3 info using node@v12.18.3
4 verbose npm-session bb79509a6a1c561e
5 silly install loadCurrentTree
6 silly install readLocalPackageData
7 http fetch GET 200 https://registry.npmjs.org/@types%2faccepts 680ms
8 http fetch GET 304 https://registry.npmjs.org/@types%2fbody-parser 670ms (from cache)
9 http fetch GET 200 https://registry.npmjs.org/@types/accepts/-/accepts-1.3.5.tgz 1025ms
10 http fetch GET 200 https://registry.npmjs.org/@types/body-parser/-/body-parser-1.19.1.tgz 1015ms
11 silly pacote tag manifest for @types/accepts@ts3.6 fetched in 1751ms
12 silly pacote tag manifest for @types/body-parser@ts3.6 fetched in 1730ms
13 http fetch GET 200 https://registry.npmjs.org/@types%2fbraces 103ms
14 http fetch GET 200 https://registry.npmjs.org/@types%2fbytes 234ms
15 http fetch GET 200 https://registry.npmjs.org/@types%2fare-we-there-yet 2055ms
16 http fetch GET 200 https://registry.npmjs.org/@types%2fansi-align 2065ms
17 silly fetchPackageMetaData error for @types/ansi-align@ts3.6 No matching version found for @types/ansi-align@ts3.6.
18 http fetch GET 200 https://registry.npmjs.org/@types/bytes/-/bytes-3.1.1.tgz 175ms
19 http fetch GET 200 https://registry.npmjs.org/@types%2fasn1 2188ms
20 http fetch GET 200 https://registry.npmjs.org/@types%2faws4 2203ms
21 silly pacote tag manifest for @types/bytes@ts3.6 fetched in 476ms
22 http fetch GET 200 https://registry.npmjs.org/@types%2fbalanced-match 2243ms
23 http fetch GET 200 https://registry.npmjs.org/@types%2fassert-plus 2249ms
24 http fetch GET 200 https://registry.npmjs.org/@types%2fbrace-expansion 2250ms
25 http fetch GET 200 https://registry.npmjs.org/@types%2fabbrev 2317ms
26 http fetch GET 200 https://registry.npmjs.org/@types%2fcaseless 253ms
27 http fetch GET 200 https://registry.npmjs.org/@types%2fchownr 214ms
28 http fetch GET 200 https://registry.npmjs.org/@types/chownr/-/chownr-1.0.0.tgz 381ms
29 silly pacote tag manifest for @types/chownr@ts3.6 fetched in 605ms
30 http fetch GET 200 https://registry.npmjs.org/@types/braces/-/braces-3.0.1.tgz 1085ms
31 silly pacote tag manifest for @types/braces@ts3.6 fetched in 1200ms
32 http fetch GET 200 https://registry.npmjs.org/@types/are-we-there-yet/-/are-we-there-yet-1.1.0.tgz 934ms
33 silly pacote tag manifest for @types/are-we-there-yet@ts3.6 fetched in 3004ms
34 http fetch GET 200 https://registry.npmjs.org/@types%2fcolor-convert 207ms
35 http fetch GET 200 https://registry.npmjs.org/@types%2fcolor-name 198ms
36 http fetch GET 200 https://registry.npmjs.org/@types/color-convert/-/color-convert-2.0.0.tgz 182ms
37 http fetch GET 200 https://registry.npmjs.org/@types%2fcombined-stream 232ms
38 http fetch GET 200 https://registry.npmjs.org/@types/aws4/-/aws4-1.5.2.tgz 1016ms
39 http fetch GET 200 https://registry.npmjs.org/@types/assert-plus/-/assert-plus-1.0.4.tgz 998ms
40 http fetch GET 200 https://registry.npmjs.org/@types/asn1/-/asn1-0.2.0.tgz 1064ms
41 silly pacote tag manifest for @types/color-convert@ts3.6 fetched in 445ms
42 http fetch GET 200 https://registry.npmjs.org/@types/abbrev/-/abbrev-1.1.1.tgz 984ms
43 silly pacote tag manifest for @types/aws4@ts3.6 fetched in 3293ms
44 http fetch GET 200 https://registry.npmjs.org/@types/brace-expansion/-/brace-expansion-1.1.0.tgz 1011ms
45 silly pacote tag manifest for @types/assert-plus@ts3.6 fetched in 3316ms
46 silly pacote tag manifest for @types/asn1@ts3.6 fetched in 3324ms
47 silly pacote tag manifest for @types/abbrev@ts3.6 fetched in 3376ms
48 http fetch GET 200 https://registry.npmjs.org/@types/balanced-match/-/balanced-match-1.0.1.tgz 1067ms
49 silly pacote tag manifest for @types/brace-expansion@ts3.6 fetched in 3335ms
50 http fetch GET 200 https://registry.npmjs.org/@types/color-name/-/color-name-1.1.1.tgz 208ms
51 silly pacote tag manifest for @types/balanced-match@ts3.6 fetched in 3361ms
52 silly pacote tag manifest for @types/color-name@ts3.6 fetched in 440ms
53 http fetch GET 200 https://registry.npmjs.org/@types/caseless/-/caseless-0.12.2.tgz 1063ms
54 silly pacote tag manifest for @types/caseless@ts3.6 fetched in 1335ms
55 http fetch GET 200 https://registry.npmjs.org/@types%2fcookie 109ms
56 http fetch GET 200 https://registry.npmjs.org/@types%2fcookie-signature 104ms
57 http fetch GET 200 https://registry.npmjs.org/@types%2fcontent-disposition 209ms
58 http fetch GET 200 https://registry.npmjs.org/@types%2fcontent-type 275ms
59 http fetch GET 200 https://registry.npmjs.org/@types%2fdebug 236ms
60 http fetch GET 200 https://registry.npmjs.org/@types/cookie/-/cookie-0.4.1.tgz 163ms
61 silly pacote tag manifest for @types/cookie@ts3.6 fetched in 296ms
62 http fetch GET 200 https://registry.npmjs.org/@types/combined-stream/-/combined-stream-1.0.3.tgz 1064ms
63 silly pacote tag manifest for @types/combined-stream@ts3.6 fetched in 1319ms
64 http fetch GET 200 https://registry.npmjs.org/@types/cookie-signature/-/cookie-signature-1.0.3.tgz 939ms
65 silly pacote tag manifest for @types/cookie-signature@ts3.6 fetched in 1058ms
66 http fetch GET 200 https://registry.npmjs.org/@types/content-disposition/-/content-disposition-0.5.4.tgz 1002ms
67 http fetch GET 200 https://registry.npmjs.org/@types%2fdepd 230ms
68 silly pacote tag manifest for @types/content-disposition@ts3.6 fetched in 1231ms
69 http fetch GET 200 https://registry.npmjs.org/@types/content-type/-/content-type-1.1.5.tgz 950ms
70 silly pacote tag manifest for @types/content-type@ts3.6 fetched in 1247ms
71 http fetch GET 200 https://registry.npmjs.org/@types/debug/-/debug-4.1.7.tgz 1009ms
72 silly pacote tag manifest for @types/debug@ts3.6 fetched in 1264ms
73 http fetch GET 200 https://registry.npmjs.org/@types%2fdestroy 237ms
74 http fetch GET 200 https://registry.npmjs.org/@types%2fee-first 234ms
75 http fetch GET 200 https://registry.npmjs.org/@types%2fconcat-map 1812ms
76 http fetch GET 200 https://registry.npmjs.org/@types%2fdashdash 1853ms
77 http fetch GET 200 https://registry.npmjs.org/@types%2fdeep-extend 1930ms
78 http fetch GET 200 https://registry.npmjs.org/@types%2fconfigstore 2037ms
79 http fetch GET 200 https://registry.npmjs.org/@types%2fdelegates 1851ms
80 silly fetchPackageMetaData error for @types/delegates@ts3.6 No matching version found for @types/delegates@ts3.6.
81 http fetch GET 200 https://registry.npmjs.org/@types/depd/-/depd-1.1.32.tgz 961ms
82 silly pacote tag manifest for @types/depd@ts3.6 fetched in 1211ms
83 http fetch GET 200 https://registry.npmjs.org/@types%2fencodeurl 224ms
84 http fetch GET 200 https://registry.npmjs.org/@types/destroy/-/destroy-1.0.0.tgz 1078ms
85 http fetch GET 200 https://registry.npmjs.org/@types/deep-extend/-/deep-extend-0.4.31.tgz 408ms
86 http fetch GET 200 https://registry.npmjs.org/@types%2fend-of-stream 228ms
87 silly pacote tag manifest for @types/destroy@ts3.6 fetched in 1356ms
88 silly pacote tag manifest for @types/deep-extend@ts3.6 fetched in 2382ms
89 http fetch GET 200 https://registry.npmjs.org/@types%2fduplexer3 1209ms
90 http fetch GET 200 https://registry.npmjs.org/@types/ee-first/-/ee-first-1.1.0.tgz 947ms
91 silly pacote tag manifest for @types/ee-first@ts3.6 fetched in 1198ms
92 http fetch GET 200 https://registry.npmjs.org/@types%2fescape-html 244ms
93 http fetch GET 200 https://registry.npmjs.org/@types%2fetag 233ms
94 http fetch GET 200 https://registry.npmjs.org/@types/concat-map/-/concat-map-0.0.1.tgz 1012ms
95 silly pacote tag manifest for @types/concat-map@ts3.6 fetched in 2841ms
96 http fetch GET 200 https://registry.npmjs.org/@types/dashdash/-/dashdash-1.14.1.tgz 948ms
97 silly pacote tag manifest for @types/dashdash@ts3.6 fetched in 2822ms
98 http fetch GET 200 https://registry.npmjs.org/@types/configstore/-/configstore-5.0.1.tgz 1037ms
99 silly pacote tag manifest for @types/configstore@ts3.6 fetched in 3100ms
100 http fetch GET 200 https://registry.npmjs.org/@types%2ffill-range 209ms
101 silly fetchPackageMetaData error for @types/fill-range@ts3.6 No matching version found for @types/fill-range@ts3.6.
102 http fetch GET 200 https://registry.npmjs.org/@types%2fdetect-libc 1962ms
103 http fetch GET 200 https://registry.npmjs.org/@types%2ffinalhandler 241ms
104 http fetch GET 200 https://registry.npmjs.org/@types/encodeurl/-/encodeurl-1.0.0.tgz 951ms
105 silly pacote tag manifest for @types/encodeurl@ts3.6 fetched in 1190ms
106 http fetch GET 200 https://registry.npmjs.org/@types/end-of-stream/-/end-of-stream-1.4.1.tgz 943ms
107 silly pacote tag manifest for @types/end-of-stream@ts3.6 fetched in 1191ms
108 http fetch GET 200 https://registry.npmjs.org/@types/duplexer3/-/duplexer3-0.1.1.tgz 974ms
109 silly pacote tag manifest for @types/duplexer3@ts3.6 fetched in 2194ms
110 http fetch GET 200 https://registry.npmjs.org/@types%2fforwarded 245ms
111 http fetch GET 200 https://registry.npmjs.org/@types%2ffresh 222ms
112 http fetch GET 200 https://registry.npmjs.org/@types/etag/-/etag-1.8.1.tgz 1007ms
113 http fetch GET 200 https://registry.npmjs.org/@types/escape-html/-/escape-html-1.0.1.tgz 1020ms
114 silly pacote tag manifest for @types/etag@ts3.6 fetched in 1280ms
115 silly pacote tag manifest for @types/escape-html@ts3.6 fetched in 1300ms
116 http fetch GET 200 https://registry.npmjs.org/@types/forwarded/-/forwarded-0.1.0.tgz 392ms
117 silly pacote tag manifest for @types/forwarded@ts3.6 fetched in 646ms
118 http fetch GET 200 https://registry.npmjs.org/@types/detect-libc/-/detect-libc-1.0.0.tgz 923ms
119 silly pacote tag manifest for @types/detect-libc@ts3.6 fetched in 2894ms
120 http fetch GET 200 https://registry.npmjs.org/@types%2fextsprintf 1349ms
121 http fetch GET 200 https://registry.npmjs.org/@types%2fgraceful-fs 112ms
122 http fetch GET 200 https://registry.npmjs.org/@types/finalhandler/-/finalhandler-1.1.1.tgz 960ms
123 silly pacote tag manifest for @types/finalhandler@ts3.6 fetched in 1212ms
124 http fetch GET 200 https://registry.npmjs.org/@types%2fextend 1822ms
125 http fetch GET 200 https://registry.npmjs.org/@types%2fhttp-cache-semantics 105ms
126 http fetch GET 200 https://registry.npmjs.org/@types/http-cache-semantics/-/http-cache-semantics-4.0.1.tgz 169ms
127 silly pacote tag manifest for @types/http-cache-semantics@ts3.6 fetched in 291ms
128 http fetch GET 200 https://registry.npmjs.org/@types/fresh/-/fresh-0.5.0.tgz 963ms
129 silly pacote tag manifest for @types/fresh@ts3.6 fetched in 1220ms
130 http fetch GET 200 https://registry.npmjs.org/@types/graceful-fs/-/graceful-fs-4.1.4.tgz 397ms
131 silly pacote tag manifest for @types/graceful-fs@ts3.6 fetched in 525ms
132 http fetch GET 304 https://registry.npmjs.org/@types%2fhttp-errors 119ms (from cache)
133 http fetch GET 200 https://registry.npmjs.org/@types%2ffs-minipass 1377ms
134 silly fetchPackageMetaData error for @types/fs-minipass@ts3.6 No matching version found for @types/fs-minipass@ts3.6.
135 http fetch GET 200 https://registry.npmjs.org/@types%2fforever-agent 1780ms
136 http fetch GET 200 https://registry.npmjs.org/@types%2fimurmurhash 223ms
137 http fetch GET 200 https://registry.npmjs.org/@types/extsprintf/-/extsprintf-1.4.1.tgz 965ms
138 silly pacote tag manifest for @types/extsprintf@ts3.6 fetched in 2326ms
139 http fetch GET 200 https://registry.npmjs.org/@types%2finherits 96ms
140 http fetch GET 200 https://registry.npmjs.org/@types/extend/-/extend-3.0.1.tgz 1006ms
141 silly pacote tag manifest for @types/extend@ts3.6 fetched in 2840ms
142 http fetch GET 200 https://registry.npmjs.org/@types%2fini 132ms
143 http fetch GET 200 https://registry.npmjs.org/@types%2fgauge 1856ms
144 silly fetchPackageMetaData error for @types/gauge@ts3.6 No matching version found for @types/gauge@ts3.6.
145 http fetch GET 200 https://registry.npmjs.org/@types%2fgetpass 1904ms
146 http fetch GET 200 https://registry.npmjs.org/@types%2fis-ci 127ms
147 http fetch GET 200 https://registry.npmjs.org/@types/ini/-/ini-1.3.30.tgz 356ms
148 silly pacote tag manifest for @types/ini@ts3.6 fetched in 503ms
149 http fetch GET 200 https://registry.npmjs.org/@types%2fglob-parent 1877ms
150 http fetch GET 200 https://registry.npmjs.org/@types/http-errors/-/http-errors-1.8.1.tgz 1202ms
151 silly pacote tag manifest for @types/http-errors@ts3.6 fetched in 1337ms
152 http fetch GET 200 https://registry.npmjs.org/@types/imurmurhash/-/imurmurhash-0.1.1.tgz 936ms
153 silly pacote tag manifest for @types/imurmurhash@ts3.6 fetched in 1175ms
154 http fetch GET 200 https://registry.npmjs.org/@types%2fis-number 99ms
155 http fetch GET 200 https://registry.npmjs.org/@types/forever-agent/-/forever-agent-0.6.1.tgz 1213ms
156 silly pacote tag manifest for @types/forever-agent@ts3.6 fetched in 3003ms
157 http fetch GET 200 https://registry.npmjs.org/@types/inherits/-/inherits-0.0.30.tgz 972ms
158 silly pacote tag manifest for @types/inherits@ts3.6 fetched in 1090ms
159 http fetch GET 200 https://registry.npmjs.org/@types%2fis-typedarray 213ms
160 http fetch GET 200 https://registry.npmjs.org/@types%2fisarray 208ms
161 http fetch GET 200 https://registry.npmjs.org/@types/is-number/-/is-number-7.0.1.tgz 365ms
162 silly pacote tag manifest for @types/is-number@ts3.6 fetched in 474ms
163 http fetch GET 200 https://registry.npmjs.org/@types%2fhttp-signature 1792ms
164 silly fetchPackageMetaData error for @types/http-signature@ts3.6 No matching version found for @types/http-signature@ts3.6.
165 http fetch GET 200 https://registry.npmjs.org/@types%2fisexe 213ms
166 http fetch GET 200 https://registry.npmjs.org/@types/getpass/-/getpass-0.1.1.tgz 1007ms
167 http fetch GET 200 https://registry.npmjs.org/@types%2fignore-walk 2022ms
168 http fetch GET 200 https://registry.npmjs.org/@types/isarray/-/isarray-2.0.0.tgz 373ms
169 silly pacote tag manifest for @types/getpass@ts3.6 fetched in 2947ms
170 silly pacote tag manifest for @types/isarray@ts3.6 fetched in 606ms
171 http fetch GET 200 https://registry.npmjs.org/@types/is-ci/-/is-ci-3.0.0.tgz 988ms
172 silly pacote tag manifest for @types/is-ci@ts3.6 fetched in 1125ms
173 http fetch GET 200 https://registry.npmjs.org/@types%2fjson-buffer 205ms
174 http fetch GET 200 https://registry.npmjs.org/@types/glob-parent/-/glob-parent-5.1.1.tgz 1029ms
175 silly pacote tag manifest for @types/glob-parent@ts3.6 fetched in 2915ms
176 http fetch GET 200 https://registry.npmjs.org/@types%2fjson-schema 258ms
177 http fetch GET 200 https://registry.npmjs.org/@types/is-typedarray/-/is-typedarray-1.0.0.tgz 990ms
178 silly pacote tag manifest for @types/is-typedarray@ts3.6 fetched in 1219ms
179 http fetch GET 200 https://registry.npmjs.org/@types%2fmedia-typer 203ms
180 http fetch GET 200 https://registry.npmjs.org/@types/isexe/-/isexe-2.0.1.tgz 1096ms
181 silly pacote tag manifest for @types/isexe@ts3.6 fetched in 1329ms
182 http fetch GET 200 https://registry.npmjs.org/@types/ignore-walk/-/ignore-walk-3.0.2.tgz 952ms
183 silly pacote tag manifest for @types/ignore-walk@ts3.6 fetched in 2997ms
184 http fetch GET 200 https://registry.npmjs.org/@types%2fmerge-descriptors 231ms
185 http fetch GET 200 https://registry.npmjs.org/@types%2fis-glob 2006ms
186 http fetch GET 200 https://registry.npmjs.org/@types%2fmethods 245ms
187 http fetch GET 200 https://registry.npmjs.org/@types/json-schema/-/json-schema-7.0.9.tgz 956ms
188 http fetch GET 200 https://registry.npmjs.org/@types/json-buffer/-/json-buffer-3.0.0.tgz 1023ms
189 silly pacote tag manifest for @types/json-schema@ts3.6 fetched in 1232ms
190 silly pacote tag manifest for @types/json-buffer@ts3.6 fetched in 1242ms
191 http fetch GET 304 https://registry.npmjs.org/@types%2fmime 105ms (from cache)
192 http fetch GET 200 https://registry.npmjs.org/@types%2fjson-stringify-safe 1335ms
193 http fetch GET 200 https://registry.npmjs.org/@types/merge-descriptors/-/merge-descriptors-1.0.1.tgz 390ms
194 http fetch GET 200 https://registry.npmjs.org/@types/mime/-/mime-2.0.3.tgz 145ms
195 silly pacote tag manifest for @types/merge-descriptors@ts3.6 fetched in 638ms
196 silly pacote tag manifest for @types/mime@ts3.6 fetched in 271ms
197 http fetch GET 200 https://registry.npmjs.org/@types%2fisstream 1915ms
198 http fetch GET 200 https://registry.npmjs.org/@types%2fjsbn 1922ms
199 http fetch GET 200 https://registry.npmjs.org/@types/media-typer/-/media-typer-1.1.1.tgz 947ms
200 silly pacote tag manifest for @types/media-typer@ts3.6 fetched in 1170ms
201 http fetch GET 200 https://registry.npmjs.org/@types%2fmime-types 233ms
202 http fetch GET 200 https://registry.npmjs.org/@types/json-stringify-safe/-/json-stringify-safe-5.0.0.tgz 507ms
203 silly pacote tag manifest for @types/json-stringify-safe@ts3.6 fetched in 1857ms
204 http fetch GET 200 https://registry.npmjs.org/@types%2fminizlib 209ms
205 http fetch GET 200 https://registry.npmjs.org/@types%2fjsprim 1822ms
206 silly fetchPackageMetaData error for @types/jsprim@ts3.6 No matching version found for @types/jsprim@ts3.6.
207 http fetch GET 200 https://registry.npmjs.org/@types%2fms 204ms
208 http fetch GET 200 https://registry.npmjs.org/@types/methods/-/methods-1.1.1.tgz 946ms
209 silly pacote tag manifest for @types/methods@ts3.6 fetched in 1210ms
210 http fetch GET 200 https://registry.npmjs.org/@types/ms/-/ms-0.7.31.tgz 181ms
211 silly pacote tag manifest for @types/ms@ts3.6 fetched in 402ms
212 http fetch GET 200 https://registry.npmjs.org/@types/is-glob/-/is-glob-4.0.2.tgz 1138ms
213 silly pacote tag manifest for @types/is-glob@ts3.6 fetched in 3157ms
214 http fetch GET 200 https://registry.npmjs.org/@types%2fnegotiator 203ms
215 http fetch GET 200 https://registry.npmjs.org/@types%2fnormalize-path 99ms
216 http fetch GET 200 https://registry.npmjs.org/@types%2fmime-db 1219ms
217 http fetch GET 200 https://registry.npmjs.org/@types%2fminimist 1027ms
218 http fetch GET 200 https://registry.npmjs.org/@types/isstream/-/isstream-0.1.0.tgz 952ms
219 silly pacote tag manifest for @types/isstream@ts3.6 fetched in 2884ms
220 http fetch GET 200 https://registry.npmjs.org/@types/jsbn/-/jsbn-1.2.29.tgz 951ms
221 silly pacote tag manifest for @types/jsbn@ts3.6 fetched in 2885ms
222 http fetch GET 200 https://registry.npmjs.org/@types/minimist/-/minimist-1.2.2.tgz 159ms
223 http fetch GET 200 https://registry.npmjs.org/@types/mime-types/-/mime-types-2.1.1.tgz 972ms
224 silly pacote tag manifest for @types/minimist@ts3.6 fetched in 1198ms
225 silly pacote tag manifest for @types/mime-types@ts3.6 fetched in 1227ms
226 http fetch GET 200 https://registry.npmjs.org/@types%2fnumber-is-nan 76ms
227 http fetch GET 200 https://registry.npmjs.org/@types/minizlib/-/minizlib-2.1.2.tgz 937ms
228 silly pacote tag manifest for @types/minizlib@ts3.6 fetched in 1170ms
229 http fetch GET 200 https://registry.npmjs.org/@types%2fon-finished 218ms
230 http fetch GET 200 https://registry.npmjs.org/@types/negotiator/-/negotiator-0.6.1.tgz 980ms
231 silly pacote tag manifest for @types/negotiator@ts3.6 fetched in 1215ms
232 http fetch GET 200 https://registry.npmjs.org/@types/normalize-path/-/normalize-path-3.0.0.tgz 967ms
233 silly pacote tag manifest for @types/normalize-path@ts3.6 fetched in 1082ms
234 http fetch GET 200 https://registry.npmjs.org/@types/mime-db/-/mime-db-1.43.1.tgz 997ms
235 http fetch GET 200 https://registry.npmjs.org/@types/on-finished/-/on-finished-2.3.1.tgz 369ms
236 silly pacote tag manifest for @types/mime-db@ts3.6 fetched in 2232ms
237 silly pacote tag manifest for @types/on-finished@ts3.6 fetched in 607ms
238 http fetch GET 200 https://registry.npmjs.org/@types%2fosenv 97ms
239 http fetch GET 200 https://registry.npmjs.org/@types%2fnopt 1336ms
240 http fetch GET 200 https://registry.npmjs.org/@types%2fnpmlog 1317ms
241 http fetch GET 200 https://registry.npmjs.org/@types/number-is-nan/-/number-is-nan-2.0.0.tgz 1155ms
242 http fetch GET 200 https://registry.npmjs.org/@types%2fneedle 1887ms
243 silly pacote tag manifest for @types/number-is-nan@ts3.6 fetched in 1241ms
244 http fetch GET 200 https://registry.npmjs.org/@types%2fparseurl 208ms
245 http fetch GET 200 https://registry.npmjs.org/@types/npmlog/-/npmlog-4.1.3.tgz 355ms
246 silly pacote tag manifest for @types/npmlog@ts3.6 fetched in 1692ms
247 http fetch GET 200 https://registry.npmjs.org/@types%2fnpm-packlist 1929ms
248 http fetch GET 200 https://registry.npmjs.org/@types%2fonce 1226ms
249 http fetch GET 200 https://registry.npmjs.org/@types%2fobject-assign 1895ms
250 http fetch GET 200 https://registry.npmjs.org/@types/object-assign/-/object-assign-4.0.30.tgz 151ms
251 http fetch GET 200 https://registry.npmjs.org/@types/osenv/-/osenv-0.1.0.tgz 1188ms
252 silly pacote tag manifest for @types/osenv@ts3.6 fetched in 1300ms
253 silly pacote tag manifest for @types/object-assign@ts3.6 fetched in 2065ms
254 http fetch GET 200 https://registry.npmjs.org/@types/needle/-/needle-2.5.2.tgz 990ms
255 http fetch GET 200 https://registry.npmjs.org/@types/nopt/-/nopt-3.0.29.tgz 1310ms
256 silly pacote tag manifest for @types/needle@ts3.6 fetched in 2890ms
257 silly pacote tag manifest for @types/nopt@ts3.6 fetched in 2663ms
258 http fetch GET 200 https://registry.npmjs.org/@types/once/-/once-1.4.0.tgz 376ms
259 http fetch GET 200 https://registry.npmjs.org/@types%2fproxy-addr 206ms
260 silly pacote tag manifest for @types/once@ts3.6 fetched in 1621ms
261 http fetch GET 200 https://registry.npmjs.org/@types%2fpsl 82ms
262 http fetch GET 200 https://registry.npmjs.org/@types%2fpump 200ms
263 http fetch GET 200 https://registry.npmjs.org/@types%2fpunycode 199ms
264 http fetch GET 200 https://registry.npmjs.org/@types%2fos-tmpdir 1801ms
265 http fetch GET 200 https://registry.npmjs.org/@types/parseurl/-/parseurl-1.3.1.tgz 1122ms
266 silly pacote tag manifest for @types/parseurl@ts3.6 fetched in 1338ms
267 http fetch GET 200 https://registry.npmjs.org/@types%2fos-homedir 1988ms
268 http fetch GET 304 https://registry.npmjs.org/@types%2fqs 102ms (from cache)
269 http fetch GET 200 https://registry.npmjs.org/@types/npm-packlist/-/npm-packlist-1.1.2.tgz 1048ms
270 http fetch GET 200 https://registry.npmjs.org/@types/qs/-/qs-6.9.7.tgz 156ms
271 silly pacote tag manifest for @types/npm-packlist@ts3.6 fetched in 2987ms
272 silly pacote tag manifest for @types/qs@ts3.6 fetched in 278ms
273 http fetch GET 200 https://registry.npmjs.org/@types/punycode/-/punycode-2.1.0.tgz 388ms
274 silly pacote tag manifest for @types/punycode@ts3.6 fetched in 597ms
275 http fetch GET 304 https://registry.npmjs.org/@types%2frange-parser 134ms (from cache)
276 http fetch GET 200 https://registry.npmjs.org/@types%2freadable-stream 215ms
277 http fetch GET 200 https://registry.npmjs.org/@types%2frc 244ms
278 http fetch GET 200 https://registry.npmjs.org/@types/range-parser/-/range-parser-1.2.4.tgz 113ms
279 silly pacote tag manifest for @types/range-parser@ts3.6 fetched in 261ms
280 http fetch GET 200 https://registry.npmjs.org/@types%2fpicomatch 1218ms
281 http fetch GET 200 https://registry.npmjs.org/@types/proxy-addr/-/proxy-addr-2.0.0.tgz 1054ms
282 silly pacote tag manifest for @types/proxy-addr@ts3.6 fetched in 1271ms
283 http fetch GET 200 https://registry.npmjs.org/@types/psl/-/psl-1.1.0.tgz 1040ms
284 silly pacote tag manifest for @types/psl@ts3.6 fetched in 1135ms
285 http fetch GET 200 https://registry.npmjs.org/@types%2fresponselike 71ms
286 http fetch GET 200 https://registry.npmjs.org/@types%2fpath-is-absolute 1947ms
287 http fetch GET 200 https://registry.npmjs.org/@types%2frequest 222ms
288 http fetch GET 200 https://registry.npmjs.org/@types/os-tmpdir/-/os-tmpdir-1.0.0.tgz 1032ms
289 silly pacote tag manifest for @types/os-tmpdir@ts3.6 fetched in 2842ms
290 http fetch GET 200 https://registry.npmjs.org/@types/responselike/-/responselike-1.0.0.tgz 165ms
291 silly pacote tag manifest for @types/responselike@ts3.6 fetched in 249ms
292 http fetch GET 200 https://registry.npmjs.org/@types/os-homedir/-/os-homedir-1.0.0.tgz 942ms
293 silly pacote tag manifest for @types/os-homedir@ts3.6 fetched in 2941ms
294 http fetch GET 200 https://registry.npmjs.org/@types%2fsemver 99ms
295 http fetch GET 200 https://registry.npmjs.org/@types/pump/-/pump-1.1.1.tgz 1351ms
296 silly pacote tag manifest for @types/pump@ts3.6 fetched in 1592ms
297 http fetch GET 200 https://registry.npmjs.org/@types%2fsafer-buffer 248ms
298 http fetch GET 200 https://registry.npmjs.org/@types%2fsax 229ms
299 http fetch GET 304 https://registry.npmjs.org/@types%2fsend 90ms (from cache)
300 http fetch GET 200 https://registry.npmjs.org/@types/send/-/send-0.17.1.tgz 91ms
301 silly pacote tag manifest for @types/send@ts3.6 fetched in 195ms
302 http fetch GET 200 https://registry.npmjs.org/@types/rc/-/rc-1.2.0.tgz 953ms
303 silly pacote tag manifest for @types/rc@ts3.6 fetched in 1208ms
304 http fetch GET 304 https://registry.npmjs.org/@types%2fserve-static 117ms (from cache)
305 http fetch GET 200 https://registry.npmjs.org/@types/picomatch/-/picomatch-2.2.6.tgz 931ms
306 http fetch GET 200 https://registry.npmjs.org/@types/sax/-/sax-1.2.3.tgz 366ms
307 silly pacote tag manifest for @types/picomatch@ts3.6 fetched in 2160ms
308 silly pacote tag manifest for @types/sax@ts3.6 fetched in 612ms
309 http fetch GET 200 https://registry.npmjs.org/@types/readable-stream/-/readable-stream-2.3.11.tgz 1144ms
310 silly pacote tag manifest for @types/readable-stream@ts3.6 fetched in 1367ms
311 http fetch GET 200 https://registry.npmjs.org/@types%2fset-blocking 259ms
312 silly fetchPackageMetaData error for @types/set-blocking@ts3.6 No matching version found for @types/set-blocking@ts3.6.
313 http fetch GET 200 https://registry.npmjs.org/@types%2fsignal-exit 212ms
314 http fetch GET 200 https://registry.npmjs.org/@types%2fstatuses 220ms
315 http fetch GET 200 https://registry.npmjs.org/@types/request/-/request-2.48.7.tgz 936ms
316 silly pacote tag manifest for @types/request@ts3.6 fetched in 1196ms
317 http fetch GET 200 https://registry.npmjs.org/@types%2fsupports-color 214ms
318 http fetch GET 200 https://registry.npmjs.org/@types/path-is-absolute/-/path-is-absolute-1.0.0.tgz 1026ms
319 silly pacote tag manifest for @types/path-is-absolute@ts3.6 fetched in 2981ms
320 http fetch GET 200 https://registry.npmjs.org/@types/semver/-/semver-7.3.8.tgz 958ms
321 silly pacote tag manifest for @types/semver@ts3.6 fetched in 1070ms
322 http fetch GET 200 https://registry.npmjs.org/@types%2ftar 218ms
323 http fetch GET 200 https://registry.npmjs.org/@types%2fto-regex-range 192ms
324 silly fetchPackageMetaData error for @types/to-regex-range@ts3.6 No matching version found for @types/to-regex-range@ts3.6.
325 http fetch GET 200 https://registry.npmjs.org/@types/statuses/-/statuses-2.0.0.tgz 361ms
326 http fetch GET 200 https://registry.npmjs.org/@types/safer-buffer/-/safer-buffer-2.1.0.tgz 986ms
327 silly pacote tag manifest for @types/safer-buffer@ts3.6 fetched in 1248ms
328 silly pacote tag manifest for @types/statuses@ts3.6 fetched in 599ms
329 http fetch GET 200 https://registry.npmjs.org/@types/tar/-/tar-4.0.5.tgz 158ms
330 http fetch GET 200 https://registry.npmjs.org/@types%2fregistry-auth-token 1811ms
331 http fetch GET 200 https://registry.npmjs.org/@types%2ftoidentifier 225ms
332 silly fetchPackageMetaData error for @types/toidentifier@ts3.6 No matching version found for @types/toidentifier@ts3.6.
333 silly pacote tag manifest for @types/tar@ts3.6 fetched in 397ms
334 http fetch GET 200 https://registry.npmjs.org/@types/supports-color/-/supports-color-8.1.1.tgz 495ms
335 silly pacote tag manifest for @types/supports-color@ts3.6 fetched in 726ms
336 http fetch GET 200 https://registry.npmjs.org/@types%2ftype-is 245ms
337 http fetch GET 200 https://registry.npmjs.org/@types/serve-static/-/serve-static-1.13.10.tgz 952ms
338 http fetch GET 200 https://registry.npmjs.org/@types%2ftough-cookie 257ms
339 silly pacote tag manifest for @types/serve-static@ts3.6 fetched in 1105ms
340 http fetch GET 200 https://registry.npmjs.org/@types%2ftypedarray-to-buffer 208ms
341 silly fetchPackageMetaData error for @types/typedarray-to-buffer@ts3.6 No matching version found for @types/typedarray-to-buffer@ts3.6.
342 http fetch GET 200 https://registry.npmjs.org/@types%2futil-deprecate 76ms
343 http fetch GET 200 https://registry.npmjs.org/@types%2futils-merge 89ms
344 http fetch GET 200 https://registry.npmjs.org/@types%2furl-parse-lax 212ms
345 silly fetchPackageMetaData error for @types/url-parse-lax@ts3.6 No matching version found for @types/url-parse-lax@ts3.6.
346 http fetch GET 200 https://registry.npmjs.org/@types%2fuuid 106ms
347 http fetch GET 200 https://registry.npmjs.org/@types%2fsshpk 1240ms
348 http fetch GET 200 https://registry.npmjs.org/@types/tough-cookie/-/tough-cookie-4.0.1.tgz 383ms
349 silly pacote tag manifest for @types/tough-cookie@ts3.6 fetched in 661ms
350 http fetch GET 200 https://registry.npmjs.org/@types/signal-exit/-/signal-exit-3.0.1.tgz 1113ms
351 silly pacote tag manifest for @types/signal-exit@ts3.6 fetched in 1348ms
352 http fetch GET 200 https://registry.npmjs.org/@types%2fverror 89ms
353 http fetch GET 200 https://registry.npmjs.org/@types/registry-auth-token/-/registry-auth-token-4.2.1.tgz 951ms
354 silly pacote tag manifest for @types/registry-auth-token@ts3.6 fetched in 2782ms
355 http fetch GET 200 https://registry.npmjs.org/@types%2fvary 395ms
356 http fetch GET 200 https://registry.npmjs.org/@types%2fwhich 209ms
357 http fetch GET 200 https://registry.npmjs.org/@types/utils-merge/-/utils-merge-0.0.28.tgz 975ms
358 silly pacote tag manifest for @types/utils-merge@ts3.6 fetched in 1081ms
359 http fetch GET 200 https://registry.npmjs.org/@types/util-deprecate/-/util-deprecate-1.0.0.tgz 1062ms
360 silly pacote tag manifest for @types/util-deprecate@ts3.6 fetched in 1149ms
361 http fetch GET 200 https://registry.npmjs.org/@types/vary/-/vary-1.1.0.tgz 405ms
362 silly pacote tag manifest for @types/vary@ts3.6 fetched in 818ms
363 http fetch GET 200 https://registry.npmjs.org/@types%2fyallist 103ms
364 http fetch GET 200 https://registry.npmjs.org/@types/uuid/-/uuid-8.3.1.tgz 1009ms
365 silly pacote tag manifest for @types/uuid@ts3.6 fetched in 1141ms
366 http fetch GET 200 https://registry.npmjs.org/@types/sshpk/-/sshpk-1.10.6.tgz 934ms
367 silly pacote tag manifest for @types/sshpk@ts3.6 fetched in 2197ms
368 http fetch GET 200 https://registry.npmjs.org/@types%2fwrite-file-atomic 206ms
369 http fetch GET 200 https://registry.npmjs.org/@types/verror/-/verror-1.10.5.tgz 960ms
370 silly pacote tag manifest for @types/verror@ts3.6 fetched in 1062ms
371 http fetch GET 200 https://registry.npmjs.org/@types%2ftouch 1927ms
372 http fetch GET 200 https://registry.npmjs.org/@types%2fupdate-notifier 1785ms
373 http fetch GET 200 https://registry.npmjs.org/@types/which/-/which-2.0.1.tgz 988ms
374 silly pacote tag manifest for @types/which@ts3.6 fetched in 1211ms
375 http fetch GET 200 https://registry.npmjs.org/@types/yallist/-/yallist-4.0.1.tgz 944ms
376 silly pacote tag manifest for @types/yallist@ts3.6 fetched in 1061ms
377 http fetch GET 200 https://registry.npmjs.org/@types/write-file-atomic/-/write-file-atomic-3.0.2.tgz 1074ms
378 silly pacote tag manifest for @types/write-file-atomic@ts3.6 fetched in 1292ms
379 http fetch GET 200 https://registry.npmjs.org/@types/touch/-/touch-3.1.2.tgz 985ms
380 http fetch GET 200 https://registry.npmjs.org/@types/update-notifier/-/update-notifier-5.1.0.tgz 963ms
381 silly pacote tag manifest for @types/touch@ts3.6 fetched in 2934ms
382 silly pacote tag manifest for @types/update-notifier@ts3.6 fetched in 2769ms
383 http fetch GET 200 https://registry.npmjs.org/@types/type-is/-/type-is-1.6.3.tgz 3406ms
384 silly pacote tag manifest for @types/type-is@ts3.6 fetched in 3666ms
385 timing stage:rollbackFailedOptional Completed in 1ms
386 timing stage:runTopLevelLifecycles Completed in 21441ms
387 verbose type tag
388 verbose stack @types/ansi-align: No matching version found for @types/ansi-align@ts3.6.
388 verbose stack     at pickManifest (/usr/local/lib/node_modules/npm/node_modules/npm-pick-manifest/index.js:122:13)
388 verbose stack     at /usr/local/lib/node_modules/npm/node_modules/pacote/lib/fetchers/registry/manifest.js:24:14
388 verbose stack     at tryCatcher (/usr/local/lib/node_modules/npm/node_modules/bluebird/js/release/util.js:16:23)
388 verbose stack     at Promise._settlePromiseFromHandler (/usr/local/lib/node_modules/npm/node_modules/bluebird/js/release/promise.js:517:31)
388 verbose stack     at Promise._settlePromise (/usr/local/lib/node_modules/npm/node_modules/bluebird/js/release/promise.js:574:18)
388 verbose stack     at Promise._settlePromise0 (/usr/local/lib/node_modules/npm/node_modules/bluebird/js/release/promise.js:619:10)
388 verbose stack     at Promise._settlePromises (/usr/local/lib/node_modules/npm/node_modules/bluebird/js/release/promise.js:699:18)
388 verbose stack     at _drainQueueStep (/usr/local/lib/node_modules/npm/node_modules/bluebird/js/release/async.js:138:12)
388 verbose stack     at _drainQueue (/usr/local/lib/node_modules/npm/node_modules/bluebird/js/release/async.js:131:9)
388 verbose stack     at Async._drainQueues (/usr/local/lib/node_modules/npm/node_modules/bluebird/js/release/async.js:147:5)
388 verbose stack     at Immediate.Async.drainQueues [as _onImmediate] (/usr/local/lib/node_modules/npm/node_modules/bluebird/js/release/async.js:17:14)
388 verbose stack     at processImmediate (internal/timers.js:456:21)
389 verbose cwd /home/theia/.cache/typescript/3.6
390 verbose Linux 5.15.90.1-microsoft-standard-WSL2
391 verbose argv "/usr/local/bin/node" "/usr/local/bin/npm" "install" "--ignore-scripts" "@types/abbrev@ts3.6" "@types/accepts@ts3.6" "@types/ansi-align@ts3.6" "@types/are-we-there-yet@ts3.6" "@types/asn1@ts3.6" "@types/assert-plus@ts3.6" "@types/aws4@ts3.6" "@types/balanced-match@ts3.6" "@types/body-parser@ts3.6" "@types/brace-expansion@ts3.6" "@types/braces@ts3.6" "@types/bytes@ts3.6" "@types/caseless@ts3.6" "@types/chownr@ts3.6" "@types/color-convert@ts3.6" "@types/color-name@ts3.6" "@types/combined-stream@ts3.6" "@types/concat-map@ts3.6" "@types/configstore@ts3.6" "@types/content-disposition@ts3.6" "@types/content-type@ts3.6" "@types/cookie@ts3.6" "@types/cookie-signature@ts3.6" "@types/dashdash@ts3.6" "@types/debug@ts3.6" "@types/deep-extend@ts3.6" "@types/delegates@ts3.6" "@types/depd@ts3.6" "@types/destroy@ts3.6" "@types/detect-libc@ts3.6" "@types/duplexer3@ts3.6" "@types/ee-first@ts3.6" "@types/encodeurl@ts3.6" "@types/end-of-stream@ts3.6" "@types/escape-html@ts3.6" "@types/etag@ts3.6" "@types/extend@ts3.6" "@types/extsprintf@ts3.6" "@types/fill-range@ts3.6" "@types/finalhandler@ts3.6" "@types/forever-agent@ts3.6" "@types/forwarded@ts3.6" "@types/fresh@ts3.6" "@types/fs-minipass@ts3.6" "@types/gauge@ts3.6" "@types/getpass@ts3.6" "@types/glob-parent@ts3.6" "@types/graceful-fs@ts3.6" "@types/http-cache-semantics@ts3.6" "@types/http-errors@ts3.6" "@types/http-signature@ts3.6" "@types/ignore-walk@ts3.6" "@types/imurmurhash@ts3.6" "@types/inherits@ts3.6" "@types/ini@ts3.6" "@types/is-ci@ts3.6" "@types/is-glob@ts3.6" "@types/is-number@ts3.6" "@types/is-typedarray@ts3.6" "@types/isarray@ts3.6" "@types/isexe@ts3.6" "@types/isstream@ts3.6" "@types/jsbn@ts3.6" "@types/json-buffer@ts3.6" "@types/json-schema@ts3.6" "@types/json-stringify-safe@ts3.6" "@types/jsprim@ts3.6" "@types/media-typer@ts3.6" "@types/merge-descriptors@ts3.6" "@types/methods@ts3.6" "@types/mime@ts3.6" "@types/mime-db@ts3.6" "@types/mime-types@ts3.6" "@types/minimist@ts3.6" "@types/minizlib@ts3.6" "@types/ms@ts3.6" "@types/needle@ts3.6" "@types/negotiator@ts3.6" "@types/nopt@ts3.6" "@types/normalize-path@ts3.6" "@types/npm-packlist@ts3.6" "@types/npmlog@ts3.6" "@types/number-is-nan@ts3.6" "@types/object-assign@ts3.6" "@types/on-finished@ts3.6" "@types/once@ts3.6" "@types/os-homedir@ts3.6" "@types/os-tmpdir@ts3.6" "@types/osenv@ts3.6" "@types/parseurl@ts3.6" "@types/path-is-absolute@ts3.6" "@types/picomatch@ts3.6" "@types/proxy-addr@ts3.6" "@types/psl@ts3.6" "@types/pump@ts3.6" "@types/punycode@ts3.6" "@types/qs@ts3.6" "@types/range-parser@ts3.6" "@types/rc@ts3.6" "@types/readable-stream@ts3.6" "@types/registry-auth-token@ts3.6" "@types/request@ts3.6" "@types/responselike@ts3.6" "@types/safer-buffer@ts3.6" "@types/sax@ts3.6" "@types/semver@ts3.6" "@types/send@ts3.6" "@types/serve-static@ts3.6" "@types/set-blocking@ts3.6" "@types/signal-exit@ts3.6" "@types/sshpk@ts3.6" "@types/statuses@ts3.6" "@types/supports-color@ts3.6" "@types/tar@ts3.6" "@types/to-regex-range@ts3.6" "@types/toidentifier@ts3.6" "@types/touch@ts3.6" "@types/tough-cookie@ts3.6" "@types/type-is@ts3.6" "@types/typedarray-to-buffer@ts3.6" "@types/update-notifier@ts3.6" "@types/url-parse-lax@ts3.6" "@types/util-deprecate@ts3.6" "@types/utils-merge@ts3.6" "@types/uuid@ts3.6" "@types/vary@ts3.6" "@types/verror@ts3.6" "@types/which@ts3.6" "@types/write-file-atomic@ts3.6" "@types/yallist@ts3.6" "--save-dev" "--user-agent=typesInstaller/3.6.3"
392 verbose node v12.18.3
393 verbose npm  v6.14.6
394 error code ETARGET
395 error notarget No matching version found for @types/ansi-align@ts3.6.
396 error notarget In most cases you or one of your dependencies are requesting
396 error notarget a package version that doesn't exist.
397 verbose exit [ 1, true ]
