0 info it worked if it ends with ok
1 verbose cli [
1 verbose cli   '/usr/local/bin/node',
1 verbose cli   '/usr/local/bin/npm',
1 verbose cli   'install',
1 verbose cli   '--ignore-scripts',
1 verbose cli   '@types/abbrev@ts3.6',
1 verbose cli   '@types/accepts@ts3.6',
1 verbose cli   '@types/ansi-align@ts3.6',
1 verbose cli   '@types/are-we-there-yet@ts3.6',
1 verbose cli   '@types/asn1@ts3.6',
1 verbose cli   '@types/assert-plus@ts3.6',
1 verbose cli   '@types/aws4@ts3.6',
1 verbose cli   '@types/balanced-match@ts3.6',
1 verbose cli   '@types/body-parser@ts3.6',
1 verbose cli   '@types/brace-expansion@ts3.6',
1 verbose cli   '@types/braces@ts3.6',
1 verbose cli   '@types/bytes@ts3.6',
1 verbose cli   '@types/caseless@ts3.6',
1 verbose cli   '@types/chownr@ts3.6',
1 verbose cli   '@types/color-convert@ts3.6',
1 verbose cli   '@types/color-name@ts3.6',
1 verbose cli   '@types/combined-stream@ts3.6',
1 verbose cli   '@types/concat-map@ts3.6',
1 verbose cli   '@types/configstore@ts3.6',
1 verbose cli   '@types/content-disposition@ts3.6',
1 verbose cli   '@types/content-type@ts3.6',
1 verbose cli   '@types/cookie@ts3.6',
1 verbose cli   '@types/cookie-signature@ts3.6',
1 verbose cli   '@types/dashdash@ts3.6',
1 verbose cli   '@types/debug@ts3.6',
1 verbose cli   '@types/deep-extend@ts3.6',
1 verbose cli   '@types/delegates@ts3.6',
1 verbose cli   '@types/depd@ts3.6',
1 verbose cli   '@types/destroy@ts3.6',
1 verbose cli   '@types/detect-libc@ts3.6',
1 verbose cli   '@types/duplexer3@ts3.6',
1 verbose cli   '@types/ee-first@ts3.6',
1 verbose cli   '@types/encodeurl@ts3.6',
1 verbose cli   '@types/end-of-stream@ts3.6',
1 verbose cli   '@types/escape-html@ts3.6',
1 verbose cli   '@types/etag@ts3.6',
1 verbose cli   '@types/extend@ts3.6',
1 verbose cli   '@types/extsprintf@ts3.6',
1 verbose cli   '@types/fill-range@ts3.6',
1 verbose cli   '@types/finalhandler@ts3.6',
1 verbose cli   '@types/forever-agent@ts3.6',
1 verbose cli   '@types/forwarded@ts3.6',
1 verbose cli   '@types/fresh@ts3.6',
1 verbose cli   '@types/fs-minipass@ts3.6',
1 verbose cli   '@types/gauge@ts3.6',
1 verbose cli   '@types/getpass@ts3.6',
1 verbose cli   '@types/glob-parent@ts3.6',
1 verbose cli   '@types/graceful-fs@ts3.6',
1 verbose cli   '@types/http-cache-semantics@ts3.6',
1 verbose cli   '@types/http-errors@ts3.6',
1 verbose cli   '@types/http-signature@ts3.6',
1 verbose cli   '@types/ignore-walk@ts3.6',
1 verbose cli   '@types/imurmurhash@ts3.6',
1 verbose cli   '@types/inherits@ts3.6',
1 verbose cli   '@types/ini@ts3.6',
1 verbose cli   '@types/is-ci@ts3.6',
1 verbose cli   '@types/is-glob@ts3.6',
1 verbose cli   '@types/is-number@ts3.6',
1 verbose cli   '@types/is-typedarray@ts3.6',
1 verbose cli   '@types/isarray@ts3.6',
1 verbose cli   '@types/isexe@ts3.6',
1 verbose cli   '@types/isstream@ts3.6',
1 verbose cli   '@types/jsbn@ts3.6',
1 verbose cli   '@types/json-buffer@ts3.6',
1 verbose cli   '@types/json-schema@ts3.6',
1 verbose cli   '@types/json-stringify-safe@ts3.6',
1 verbose cli   '@types/jsprim@ts3.6',
1 verbose cli   '@types/media-typer@ts3.6',
1 verbose cli   '@types/merge-descriptors@ts3.6',
1 verbose cli   '@types/methods@ts3.6',
1 verbose cli   '@types/mime@ts3.6',
1 verbose cli   '@types/mime-db@ts3.6',
1 verbose cli   '@types/mime-types@ts3.6',
1 verbose cli   '@types/minimist@ts3.6',
1 verbose cli   '@types/minizlib@ts3.6',
1 verbose cli   '@types/ms@ts3.6',
1 verbose cli   '@types/needle@ts3.6',
1 verbose cli   '@types/negotiator@ts3.6',
1 verbose cli   '@types/nopt@ts3.6',
1 verbose cli   '@types/normalize-path@ts3.6',
1 verbose cli   '@types/npm-packlist@ts3.6',
1 verbose cli   '@types/npmlog@ts3.6',
1 verbose cli   '@types/number-is-nan@ts3.6',
1 verbose cli   '@types/object-assign@ts3.6',
1 verbose cli   '@types/on-finished@ts3.6',
1 verbose cli   '@types/once@ts3.6',
1 verbose cli   '@types/os-homedir@ts3.6',
1 verbose cli   '@types/os-tmpdir@ts3.6',
1 verbose cli   '@types/osenv@ts3.6',
1 verbose cli   '@types/parseurl@ts3.6',
1 verbose cli   '@types/path-is-absolute@ts3.6',
1 verbose cli   '@types/picomatch@ts3.6',
1 verbose cli   '@types/proxy-addr@ts3.6',
1 verbose cli   '@types/psl@ts3.6',
1 verbose cli   '@types/pump@ts3.6',
1 verbose cli   '@types/punycode@ts3.6',
1 verbose cli   ... 36 more items
1 verbose cli ]
2 info using npm@6.14.6
3 info using node@v12.18.3
4 verbose npm-session 6c27bac0160bc404
5 silly install loadCurrentTree
6 silly install readLocalPackageData
7 http fetch GET 304 https://registry.npmjs.org/@types%2fbalanced-match 386ms (from cache)
8 silly pacote tag manifest for @types/balanced-match@ts3.6 fetched in 403ms
9 http fetch GET 304 https://registry.npmjs.org/@types%2fabbrev 439ms (from cache)
10 http fetch GET 304 https://registry.npmjs.org/@types%2faws4 443ms (from cache)
11 silly pacote tag manifest for @types/abbrev@ts3.6 fetched in 468ms
12 silly pacote tag manifest for @types/aws4@ts3.6 fetched in 465ms
13 http fetch GET 304 https://registry.npmjs.org/@types%2fasn1 492ms (from cache)
14 http fetch GET 304 https://registry.npmjs.org/@types%2fbody-parser 493ms (from cache)
15 http fetch GET 304 https://registry.npmjs.org/@types%2fassert-plus 507ms (from cache)
16 silly pacote tag manifest for @types/asn1@ts3.6 fetched in 511ms
17 silly pacote tag manifest for @types/body-parser@ts3.6 fetched in 511ms
18 silly pacote tag manifest for @types/assert-plus@ts3.6 fetched in 525ms
19 http fetch GET 304 https://registry.npmjs.org/@types%2faccepts 535ms (from cache)
20 silly pacote tag manifest for @types/accepts@ts3.6 fetched in 554ms
21 http fetch GET 304 https://registry.npmjs.org/@types%2fbrace-expansion 539ms (from cache)
22 silly pacote tag manifest for @types/brace-expansion@ts3.6 fetched in 549ms
23 http fetch GET 304 https://registry.npmjs.org/@types%2fbraces 154ms (from cache)
24 silly pacote tag manifest for @types/braces@ts3.6 fetched in 162ms
25 http fetch GET 304 https://registry.npmjs.org/@types%2fcaseless 124ms (from cache)
26 silly pacote tag manifest for @types/caseless@ts3.6 fetched in 129ms
27 http fetch GET 304 https://registry.npmjs.org/@types%2fchownr 145ms (from cache)
28 silly pacote tag manifest for @types/chownr@ts3.6 fetched in 162ms
29 http fetch GET 304 https://registry.npmjs.org/@types%2fbytes 224ms (from cache)
30 http fetch GET 304 https://registry.npmjs.org/@types%2fcolor-name 152ms (from cache)
31 silly pacote tag manifest for @types/bytes@ts3.6 fetched in 237ms
32 silly pacote tag manifest for @types/color-name@ts3.6 fetched in 166ms
33 http fetch GET 304 https://registry.npmjs.org/@types%2fconcat-map 151ms (from cache)
34 http fetch GET 304 https://registry.npmjs.org/@types%2fcolor-convert 198ms (from cache)
35 http fetch GET 304 https://registry.npmjs.org/@types%2fconfigstore 150ms (from cache)
36 silly pacote tag manifest for @types/concat-map@ts3.6 fetched in 166ms
37 silly pacote tag manifest for @types/color-convert@ts3.6 fetched in 210ms
38 silly pacote tag manifest for @types/configstore@ts3.6 fetched in 158ms
39 http fetch GET 304 https://registry.npmjs.org/@types%2fcombined-stream 186ms (from cache)
40 silly pacote tag manifest for @types/combined-stream@ts3.6 fetched in 197ms
41 http fetch GET 304 https://registry.npmjs.org/@types%2fcontent-type 102ms (from cache)
42 silly pacote tag manifest for @types/content-type@ts3.6 fetched in 105ms
43 http fetch GET 304 https://registry.npmjs.org/@types%2fdeep-extend 111ms (from cache)
44 http fetch GET 304 https://registry.npmjs.org/@types%2fdebug 116ms (from cache)
45 http fetch GET 304 https://registry.npmjs.org/@types%2fcookie-signature 154ms (from cache)
46 silly pacote tag manifest for @types/deep-extend@ts3.6 fetched in 118ms
47 silly pacote tag manifest for @types/debug@ts3.6 fetched in 124ms
48 silly pacote tag manifest for @types/cookie-signature@ts3.6 fetched in 165ms
49 http fetch GET 304 https://registry.npmjs.org/@types%2fdelegates 146ms (from cache)
50 silly registry:manifest no matching version for @types/delegates@ts3.6 in the cache. Forcing revalidation.
51 http fetch GET 304 https://registry.npmjs.org/@types%2fcookie 270ms (from cache)
52 silly pacote tag manifest for @types/cookie@ts3.6 fetched in 275ms
53 http fetch GET 304 https://registry.npmjs.org/@types%2fdetect-libc 116ms (from cache)
54 http fetch GET 304 https://registry.npmjs.org/@types%2fdestroy 122ms (from cache)
55 silly pacote tag manifest for @types/detect-libc@ts3.6 fetched in 124ms
56 silly pacote tag manifest for @types/destroy@ts3.6 fetched in 130ms
57 http fetch GET 304 https://registry.npmjs.org/@types%2fencodeurl 76ms (from cache)
58 http fetch GET 304 https://registry.npmjs.org/@types%2fee-first 96ms (from cache)
59 silly pacote tag manifest for @types/encodeurl@ts3.6 fetched in 84ms
60 silly pacote tag manifest for @types/ee-first@ts3.6 fetched in 104ms
61 http fetch GET 304 https://registry.npmjs.org/@types%2fend-of-stream 109ms (from cache)
62 silly pacote tag manifest for @types/end-of-stream@ts3.6 fetched in 114ms
63 http fetch GET 304 https://registry.npmjs.org/@types%2fescape-html 88ms (from cache)
64 silly pacote tag manifest for @types/escape-html@ts3.6 fetched in 96ms
65 http fetch GET 304 https://registry.npmjs.org/@types%2fetag 102ms (from cache)
66 silly pacote tag manifest for @types/etag@ts3.6 fetched in 105ms
67 http fetch GET 304 https://registry.npmjs.org/@types%2fextsprintf 78ms (from cache)
68 silly pacote tag manifest for @types/extsprintf@ts3.6 fetched in 80ms
69 http fetch GET 304 https://registry.npmjs.org/@types%2ffill-range 95ms (from cache)
70 silly registry:manifest no matching version for @types/fill-range@ts3.6 in the cache. Forcing revalidation.
71 http fetch GET 200 https://registry.npmjs.org/@types%2ffill-range 102ms
72 silly fetchPackageMetaData error for @types/fill-range@ts3.6 No matching version found for @types/fill-range@ts3.6.
73 http fetch GET 304 https://registry.npmjs.org/@types%2ffinalhandler 169ms (from cache)
74 silly pacote tag manifest for @types/finalhandler@ts3.6 fetched in 174ms
75 http fetch GET 304 https://registry.npmjs.org/@types%2fforwarded 83ms (from cache)
76 silly pacote tag manifest for @types/forwarded@ts3.6 fetched in 92ms
77 http fetch GET 304 https://registry.npmjs.org/@types%2fforever-agent 202ms (from cache)
78 silly pacote tag manifest for @types/forever-agent@ts3.6 fetched in 211ms
79 http fetch GET 304 https://registry.npmjs.org/@types%2ffresh 87ms (from cache)
80 silly pacote tag manifest for @types/fresh@ts3.6 fetched in 91ms
81 http fetch GET 304 https://registry.npmjs.org/@types%2fgauge 103ms (from cache)
82 silly registry:manifest no matching version for @types/gauge@ts3.6 in the cache. Forcing revalidation.
83 http fetch GET 304 https://registry.npmjs.org/@types%2ffs-minipass 115ms (from cache)
84 silly registry:manifest no matching version for @types/fs-minipass@ts3.6 in the cache. Forcing revalidation.
85 http fetch GET 200 https://registry.npmjs.org/@types%2fgauge 82ms
86 silly fetchPackageMetaData error for @types/gauge@ts3.6 No matching version found for @types/gauge@ts3.6.
87 http fetch GET 200 https://registry.npmjs.org/@types%2ffs-minipass 183ms
88 silly fetchPackageMetaData error for @types/fs-minipass@ts3.6 No matching version found for @types/fs-minipass@ts3.6.
89 http fetch GET 304 https://registry.npmjs.org/@types%2fgetpass 115ms (from cache)
90 silly pacote tag manifest for @types/getpass@ts3.6 fetched in 127ms
91 http fetch GET 304 https://registry.npmjs.org/@types%2fglob-parent 92ms (from cache)
92 silly pacote tag manifest for @types/glob-parent@ts3.6 fetched in 97ms
93 http fetch GET 304 https://registry.npmjs.org/@types%2fgraceful-fs 169ms (from cache)
94 silly pacote tag manifest for @types/graceful-fs@ts3.6 fetched in 174ms
95 http fetch GET 304 https://registry.npmjs.org/@types%2fhttp-cache-semantics 163ms (from cache)
96 silly pacote tag manifest for @types/http-cache-semantics@ts3.6 fetched in 168ms
97 http fetch GET 304 https://registry.npmjs.org/@types%2fhttp-errors 102ms (from cache)
98 silly pacote tag manifest for @types/http-errors@ts3.6 fetched in 110ms
99 http fetch GET 304 https://registry.npmjs.org/@types%2fhttp-signature 165ms (from cache)
100 silly registry:manifest no matching version for @types/http-signature@ts3.6 in the cache. Forcing revalidation.
101 http fetch GET 304 https://registry.npmjs.org/@types%2fare-we-there-yet 2364ms (from cache)
102 silly pacote tag manifest for @types/are-we-there-yet@ts3.6 fetched in 2371ms
103 http fetch GET 304 https://registry.npmjs.org/@types%2fignore-walk 195ms (from cache)
104 silly pacote tag manifest for @types/ignore-walk@ts3.6 fetched in 202ms
105 http fetch GET 304 https://registry.npmjs.org/@types%2fimurmurhash 111ms (from cache)
106 silly pacote tag manifest for @types/imurmurhash@ts3.6 fetched in 116ms
107 http fetch GET 304 https://registry.npmjs.org/@types%2finherits 105ms (from cache)
108 silly pacote tag manifest for @types/inherits@ts3.6 fetched in 111ms
109 http fetch GET 304 https://registry.npmjs.org/@types%2fini 129ms (from cache)
110 silly pacote tag manifest for @types/ini@ts3.6 fetched in 136ms
111 http fetch GET 304 https://registry.npmjs.org/@types%2fis-ci 176ms (from cache)
112 silly pacote tag manifest for @types/is-ci@ts3.6 fetched in 187ms
113 http fetch GET 304 https://registry.npmjs.org/@types%2fis-glob 114ms (from cache)
114 silly pacote tag manifest for @types/is-glob@ts3.6 fetched in 122ms
115 http fetch GET 304 https://registry.npmjs.org/@types%2fis-number 97ms (from cache)
116 silly pacote tag manifest for @types/is-number@ts3.6 fetched in 102ms
117 http fetch GET 304 https://registry.npmjs.org/@types%2fis-typedarray 121ms (from cache)
118 http fetch GET 304 https://registry.npmjs.org/@types%2fdepd 2090ms (from cache)
119 silly pacote tag manifest for @types/is-typedarray@ts3.6 fetched in 131ms
120 silly pacote tag manifest for @types/depd@ts3.6 fetched in 2099ms
121 http fetch GET 304 https://registry.npmjs.org/@types%2fisarray 109ms (from cache)
122 silly pacote tag manifest for @types/isarray@ts3.6 fetched in 117ms
123 http fetch GET 304 https://registry.npmjs.org/@types%2fisexe 133ms (from cache)
124 silly pacote tag manifest for @types/isexe@ts3.6 fetched in 139ms
125 http fetch GET 304 https://registry.npmjs.org/@types%2fjsbn 175ms (from cache)
126 silly pacote tag manifest for @types/jsbn@ts3.6 fetched in 181ms
127 http fetch GET 304 https://registry.npmjs.org/@types%2fjson-buffer 132ms (from cache)
128 silly pacote tag manifest for @types/json-buffer@ts3.6 fetched in 144ms
129 http fetch GET 304 https://registry.npmjs.org/@types%2fduplexer3 2325ms (from cache)
130 http fetch GET 200 https://registry.npmjs.org/@types%2fdelegates 2298ms
131 silly fetchPackageMetaData error for @types/delegates@ts3.6 No matching version found for @types/delegates@ts3.6.
132 silly pacote tag manifest for @types/duplexer3@ts3.6 fetched in 2337ms
133 http fetch GET 304 https://registry.npmjs.org/@types%2fextend 2116ms (from cache)
134 silly pacote tag manifest for @types/extend@ts3.6 fetched in 2130ms
135 http fetch GET 304 https://registry.npmjs.org/@types%2fansi-align 3254ms (from cache)
136 silly registry:manifest no matching version for @types/ansi-align@ts3.6 in the cache. Forcing revalidation.
137 http fetch GET 304 https://registry.npmjs.org/@types%2fjson-schema 144ms (from cache)
138 silly pacote tag manifest for @types/json-schema@ts3.6 fetched in 153ms
139 http fetch GET 304 https://registry.npmjs.org/@types%2fmethods 82ms (from cache)
140 silly pacote tag manifest for @types/methods@ts3.6 fetched in 90ms
141 http fetch GET 304 https://registry.npmjs.org/@types%2fmime 89ms (from cache)
142 silly pacote tag manifest for @types/mime@ts3.6 fetched in 96ms
143 http fetch GET 304 https://registry.npmjs.org/@types%2fmime-db 91ms (from cache)
144 silly pacote tag manifest for @types/mime-db@ts3.6 fetched in 95ms
145 http fetch GET 304 https://registry.npmjs.org/@types%2fmime-types 87ms (from cache)
146 silly pacote tag manifest for @types/mime-types@ts3.6 fetched in 92ms
147 http fetch GET 304 https://registry.npmjs.org/@types%2fminimist 90ms (from cache)
148 silly pacote tag manifest for @types/minimist@ts3.6 fetched in 94ms
149 http fetch GET 304 https://registry.npmjs.org/@types%2fmerge-descriptors 779ms (from cache)
150 silly pacote tag manifest for @types/merge-descriptors@ts3.6 fetched in 782ms
151 http fetch GET 200 https://registry.npmjs.org/@types%2fhttp-signature 1696ms
152 silly fetchPackageMetaData error for @types/http-signature@ts3.6 No matching version found for @types/http-signature@ts3.6.
153 http fetch GET 304 https://registry.npmjs.org/@types%2fms 90ms (from cache)
154 silly pacote tag manifest for @types/ms@ts3.6 fetched in 97ms
155 http fetch GET 304 https://registry.npmjs.org/@types%2fneedle 93ms (from cache)
156 silly pacote tag manifest for @types/needle@ts3.6 fetched in 96ms
157 http fetch GET 304 https://registry.npmjs.org/@types%2fnegotiator 89ms (from cache)
158 silly pacote tag manifest for @types/negotiator@ts3.6 fetched in 95ms
159 http fetch GET 304 https://registry.npmjs.org/@types%2fnopt 95ms (from cache)
160 silly pacote tag manifest for @types/nopt@ts3.6 fetched in 97ms
161 http fetch GET 304 https://registry.npmjs.org/@types%2fnormalize-path 108ms (from cache)
162 silly pacote tag manifest for @types/normalize-path@ts3.6 fetched in 111ms
163 http fetch GET 304 https://registry.npmjs.org/@types%2fjson-stringify-safe 1400ms (from cache)
164 silly pacote tag manifest for @types/json-stringify-safe@ts3.6 fetched in 1411ms
165 http fetch GET 304 https://registry.npmjs.org/@types%2fdashdash 4387ms (from cache)
166 silly pacote tag manifest for @types/dashdash@ts3.6 fetched in 4393ms
167 http fetch GET 304 https://registry.npmjs.org/@types%2fobject-assign 85ms (from cache)
168 silly pacote tag manifest for @types/object-assign@ts3.6 fetched in 91ms
169 http fetch GET 304 https://registry.npmjs.org/@types%2fon-finished 89ms (from cache)
170 silly pacote tag manifest for @types/on-finished@ts3.6 fetched in 93ms
171 http fetch GET 304 https://registry.npmjs.org/@types%2fonce 99ms (from cache)
172 silly pacote tag manifest for @types/once@ts3.6 fetched in 106ms
173 http fetch GET 304 https://registry.npmjs.org/@types%2fcontent-disposition 4820ms (from cache)
174 silly pacote tag manifest for @types/content-disposition@ts3.6 fetched in 4826ms
175 http fetch GET 304 https://registry.npmjs.org/@types%2fos-tmpdir 124ms (from cache)
176 silly pacote tag manifest for @types/os-tmpdir@ts3.6 fetched in 134ms
177 http fetch GET 304 https://registry.npmjs.org/@types%2fisstream 2716ms (from cache)
178 silly pacote tag manifest for @types/isstream@ts3.6 fetched in 2724ms
179 http fetch GET 304 https://registry.npmjs.org/@types%2fparseurl 101ms (from cache)
180 silly pacote tag manifest for @types/parseurl@ts3.6 fetched in 105ms
181 http fetch GET 304 https://registry.npmjs.org/@types%2fpath-is-absolute 87ms (from cache)
182 silly pacote tag manifest for @types/path-is-absolute@ts3.6 fetched in 92ms
183 http fetch GET 304 https://registry.npmjs.org/@types%2fpicomatch 86ms (from cache)
184 silly pacote tag manifest for @types/picomatch@ts3.6 fetched in 92ms
185 http fetch GET 200 https://registry.npmjs.org/@types%2fansi-align 2718ms
186 silly fetchPackageMetaData error for @types/ansi-align@ts3.6 No matching version found for @types/ansi-align@ts3.6.
187 http fetch GET 304 https://registry.npmjs.org/@types%2fmedia-typer 2810ms (from cache)
188 silly pacote tag manifest for @types/media-typer@ts3.6 fetched in 2816ms
189 http fetch GET 304 https://registry.npmjs.org/@types%2fproxy-addr 121ms (from cache)
190 silly pacote tag manifest for @types/proxy-addr@ts3.6 fetched in 125ms
191 http fetch GET 304 https://registry.npmjs.org/@types%2fpsl 87ms (from cache)
192 silly pacote tag manifest for @types/psl@ts3.6 fetched in 91ms
193 http fetch GET 304 https://registry.npmjs.org/@types%2fminizlib 2323ms (from cache)
194 silly pacote tag manifest for @types/minizlib@ts3.6 fetched in 2330ms
195 http fetch GET 304 https://registry.npmjs.org/@types%2fpunycode 95ms (from cache)
196 silly pacote tag manifest for @types/punycode@ts3.6 fetched in 99ms
197 http fetch GET 304 https://registry.npmjs.org/@types%2frange-parser 72ms (from cache)
198 http fetch GET 304 https://registry.npmjs.org/@types%2fpump 133ms (from cache)
199 silly pacote tag manifest for @types/range-parser@ts3.6 fetched in 80ms
200 silly pacote tag manifest for @types/pump@ts3.6 fetched in 138ms
201 http fetch GET 304 https://registry.npmjs.org/@types%2fos-homedir 776ms (from cache)
202 silly pacote tag manifest for @types/os-homedir@ts3.6 fetched in 778ms
203 http fetch GET 304 https://registry.npmjs.org/@types%2freadable-stream 135ms (from cache)
204 silly pacote tag manifest for @types/readable-stream@ts3.6 fetched in 140ms
205 http fetch GET 304 https://registry.npmjs.org/@types%2frequest 109ms (from cache)
206 silly pacote tag manifest for @types/request@ts3.6 fetched in 116ms
207 http fetch GET 304 https://registry.npmjs.org/@types%2fosenv 842ms (from cache)
208 silly pacote tag manifest for @types/osenv@ts3.6 fetched in 847ms
209 http fetch GET 304 https://registry.npmjs.org/@types%2fsafer-buffer 153ms (from cache)
210 http fetch GET 304 https://registry.npmjs.org/@types%2fnpmlog 2150ms (from cache)
211 http fetch GET 304 https://registry.npmjs.org/@types%2fresponselike 178ms (from cache)
212 silly pacote tag manifest for @types/safer-buffer@ts3.6 fetched in 168ms
213 silly pacote tag manifest for @types/npmlog@ts3.6 fetched in 2165ms
214 silly pacote tag manifest for @types/responselike@ts3.6 fetched in 192ms
215 http fetch GET 304 https://registry.npmjs.org/@types%2fsax 121ms (from cache)
216 silly pacote tag manifest for @types/sax@ts3.6 fetched in 129ms
217 http fetch GET 304 https://registry.npmjs.org/@types%2fsend 103ms (from cache)
218 silly pacote tag manifest for @types/send@ts3.6 fetched in 108ms
219 http fetch GET 304 https://registry.npmjs.org/@types%2fjsprim 3445ms (from cache)
220 silly registry:manifest no matching version for @types/jsprim@ts3.6 in the cache. Forcing revalidation.
221 http fetch GET 304 https://registry.npmjs.org/@types%2fserve-static 159ms (from cache)
222 http fetch GET 304 https://registry.npmjs.org/@types%2fsemver 169ms (from cache)
223 silly pacote tag manifest for @types/semver@ts3.6 fetched in 180ms
224 silly pacote tag manifest for @types/serve-static@ts3.6 fetched in 174ms
225 http fetch GET 200 https://registry.npmjs.org/@types%2fjsprim 152ms
226 silly fetchPackageMetaData error for @types/jsprim@ts3.6 No matching version found for @types/jsprim@ts3.6.
227 http fetch GET 304 https://registry.npmjs.org/@types%2fsignal-exit 216ms (from cache)
228 http fetch GET 304 https://registry.npmjs.org/@types%2fnpm-packlist 2581ms (from cache)
229 silly pacote tag manifest for @types/signal-exit@ts3.6 fetched in 233ms
230 silly pacote tag manifest for @types/npm-packlist@ts3.6 fetched in 2597ms
231 http fetch GET 304 https://registry.npmjs.org/@types%2fstatuses 167ms (from cache)
232 silly pacote tag manifest for @types/statuses@ts3.6 fetched in 176ms
233 http fetch GET 304 https://registry.npmjs.org/@types%2fsshpk 187ms (from cache)
234 silly pacote tag manifest for @types/sshpk@ts3.6 fetched in 199ms
235 http fetch GET 304 https://registry.npmjs.org/@types%2fto-regex-range 133ms (from cache)
236 silly registry:manifest no matching version for @types/to-regex-range@ts3.6 in the cache. Forcing revalidation.
237 http fetch GET 304 https://registry.npmjs.org/@types%2ftoidentifier 126ms (from cache)
238 silly registry:manifest no matching version for @types/toidentifier@ts3.6 in the cache. Forcing revalidation.
239 http fetch GET 200 https://registry.npmjs.org/@types%2fto-regex-range 143ms
240 silly fetchPackageMetaData error for @types/to-regex-range@ts3.6 No matching version found for @types/to-regex-range@ts3.6.
241 http fetch GET 304 https://registry.npmjs.org/@types%2ftough-cookie 334ms (from cache)
242 http fetch GET 304 https://registry.npmjs.org/@types%2fnumber-is-nan 2867ms (from cache)
243 silly pacote tag manifest for @types/tough-cookie@ts3.6 fetched in 343ms
244 silly pacote tag manifest for @types/number-is-nan@ts3.6 fetched in 2875ms
245 http fetch GET 304 https://registry.npmjs.org/@types%2ftypedarray-to-buffer 570ms (from cache)
246 silly registry:manifest no matching version for @types/typedarray-to-buffer@ts3.6 in the cache. Forcing revalidation.
247 http fetch GET 200 https://registry.npmjs.org/@types%2ftypedarray-to-buffer 106ms
248 silly fetchPackageMetaData error for @types/typedarray-to-buffer@ts3.6 No matching version found for @types/typedarray-to-buffer@ts3.6.
249 http fetch GET 304 https://registry.npmjs.org/@types%2frc 2054ms (from cache)
250 silly pacote tag manifest for @types/rc@ts3.6 fetched in 2060ms
251 http fetch GET 304 https://registry.npmjs.org/@types%2furl-parse-lax 96ms (from cache)
252 silly registry:manifest no matching version for @types/url-parse-lax@ts3.6 in the cache. Forcing revalidation.
253 http fetch GET 304 https://registry.npmjs.org/@types%2fset-blocking 2125ms (from cache)
254 silly registry:manifest no matching version for @types/set-blocking@ts3.6 in the cache. Forcing revalidation.
255 http fetch GET 200 https://registry.npmjs.org/@types%2fset-blocking 117ms
256 silly fetchPackageMetaData error for @types/set-blocking@ts3.6 No matching version found for @types/set-blocking@ts3.6.
257 http fetch GET 304 https://registry.npmjs.org/@types%2futil-deprecate 105ms (from cache)
258 silly pacote tag manifest for @types/util-deprecate@ts3.6 fetched in 109ms
259 http fetch GET 304 https://registry.npmjs.org/@types%2ftype-is 1473ms (from cache)
260 silly pacote tag manifest for @types/type-is@ts3.6 fetched in 1480ms
261 http fetch GET 304 https://registry.npmjs.org/@types%2futils-merge 103ms (from cache)
262 silly pacote tag manifest for @types/utils-merge@ts3.6 fetched in 113ms
263 http fetch GET 304 https://registry.npmjs.org/@types%2fuuid 94ms (from cache)
264 silly pacote tag manifest for @types/uuid@ts3.6 fetched in 102ms
265 http fetch GET 304 https://registry.npmjs.org/@types%2fvary 93ms (from cache)
266 silly pacote tag manifest for @types/vary@ts3.6 fetched in 96ms
267 http fetch GET 304 https://registry.npmjs.org/@types%2fverror 99ms (from cache)
268 silly pacote tag manifest for @types/verror@ts3.6 fetched in 102ms
269 http fetch GET 304 https://registry.npmjs.org/@types%2fwhich 82ms (from cache)
270 silly pacote tag manifest for @types/which@ts3.6 fetched in 85ms
271 http fetch GET 304 https://registry.npmjs.org/@types%2fwrite-file-atomic 83ms (from cache)
272 http fetch GET 304 https://registry.npmjs.org/@types%2fregistry-auth-token 3064ms (from cache)
273 silly pacote tag manifest for @types/write-file-atomic@ts3.6 fetched in 86ms
274 silly pacote tag manifest for @types/registry-auth-token@ts3.6 fetched in 3067ms
275 http fetch GET 304 https://registry.npmjs.org/@types%2fyallist 77ms (from cache)
276 silly pacote tag manifest for @types/yallist@ts3.6 fetched in 80ms
277 http fetch GET 304 https://registry.npmjs.org/@types%2fsupports-color 2619ms (from cache)
278 silly pacote tag manifest for @types/supports-color@ts3.6 fetched in 2625ms
279 http fetch GET 200 https://registry.npmjs.org/@types%2ftoidentifier 2463ms
280 silly fetchPackageMetaData error for @types/toidentifier@ts3.6 No matching version found for @types/toidentifier@ts3.6.
281 http fetch GET 304 https://registry.npmjs.org/@types%2ftouch 2704ms (from cache)
282 silly pacote tag manifest for @types/touch@ts3.6 fetched in 2709ms
283 http fetch GET 304 https://registry.npmjs.org/@types%2fqs 4294ms (from cache)
284 silly pacote tag manifest for @types/qs@ts3.6 fetched in 4310ms
285 http fetch GET 304 https://registry.npmjs.org/@types%2fupdate-notifier 2531ms (from cache)
286 silly pacote tag manifest for @types/update-notifier@ts3.6 fetched in 2535ms
287 http fetch GET 304 https://registry.npmjs.org/@types%2ftar 3887ms (from cache)
288 silly pacote tag manifest for @types/tar@ts3.6 fetched in 3892ms
289 http fetch GET 200 https://registry.npmjs.org/@types%2furl-parse-lax 2662ms
290 silly fetchPackageMetaData error for @types/url-parse-lax@ts3.6 No matching version found for @types/url-parse-lax@ts3.6.
291 timing stage:rollbackFailedOptional Completed in 1ms
292 timing stage:runTopLevelLifecycles Completed in 11083ms
293 verbose type tag
294 verbose stack @types/fill-range: No matching version found for @types/fill-range@ts3.6.
294 verbose stack     at pickManifest (/usr/local/lib/node_modules/npm/node_modules/npm-pick-manifest/index.js:122:13)
294 verbose stack     at /usr/local/lib/node_modules/npm/node_modules/pacote/lib/fetchers/registry/manifest.js:43:18
294 verbose stack     at tryCatcher (/usr/local/lib/node_modules/npm/node_modules/bluebird/js/release/util.js:16:23)
294 verbose stack     at Promise._settlePromiseFromHandler (/usr/local/lib/node_modules/npm/node_modules/bluebird/js/release/promise.js:517:31)
294 verbose stack     at Promise._settlePromise (/usr/local/lib/node_modules/npm/node_modules/bluebird/js/release/promise.js:574:18)
294 verbose stack     at Promise._settlePromise0 (/usr/local/lib/node_modules/npm/node_modules/bluebird/js/release/promise.js:619:10)
294 verbose stack     at Promise._settlePromises (/usr/local/lib/node_modules/npm/node_modules/bluebird/js/release/promise.js:699:18)
294 verbose stack     at _drainQueueStep (/usr/local/lib/node_modules/npm/node_modules/bluebird/js/release/async.js:138:12)
294 verbose stack     at _drainQueue (/usr/local/lib/node_modules/npm/node_modules/bluebird/js/release/async.js:131:9)
294 verbose stack     at Async._drainQueues (/usr/local/lib/node_modules/npm/node_modules/bluebird/js/release/async.js:147:5)
294 verbose stack     at Immediate.Async.drainQueues [as _onImmediate] (/usr/local/lib/node_modules/npm/node_modules/bluebird/js/release/async.js:17:14)
294 verbose stack     at processImmediate (internal/timers.js:456:21)
295 verbose cwd /home/theia/.cache/typescript/3.6
296 verbose Linux 5.15.90.1-microsoft-standard-WSL2
297 verbose argv "/usr/local/bin/node" "/usr/local/bin/npm" "install" "--ignore-scripts" "@types/abbrev@ts3.6" "@types/accepts@ts3.6" "@types/ansi-align@ts3.6" "@types/are-we-there-yet@ts3.6" "@types/asn1@ts3.6" "@types/assert-plus@ts3.6" "@types/aws4@ts3.6" "@types/balanced-match@ts3.6" "@types/body-parser@ts3.6" "@types/brace-expansion@ts3.6" "@types/braces@ts3.6" "@types/bytes@ts3.6" "@types/caseless@ts3.6" "@types/chownr@ts3.6" "@types/color-convert@ts3.6" "@types/color-name@ts3.6" "@types/combined-stream@ts3.6" "@types/concat-map@ts3.6" "@types/configstore@ts3.6" "@types/content-disposition@ts3.6" "@types/content-type@ts3.6" "@types/cookie@ts3.6" "@types/cookie-signature@ts3.6" "@types/dashdash@ts3.6" "@types/debug@ts3.6" "@types/deep-extend@ts3.6" "@types/delegates@ts3.6" "@types/depd@ts3.6" "@types/destroy@ts3.6" "@types/detect-libc@ts3.6" "@types/duplexer3@ts3.6" "@types/ee-first@ts3.6" "@types/encodeurl@ts3.6" "@types/end-of-stream@ts3.6" "@types/escape-html@ts3.6" "@types/etag@ts3.6" "@types/extend@ts3.6" "@types/extsprintf@ts3.6" "@types/fill-range@ts3.6" "@types/finalhandler@ts3.6" "@types/forever-agent@ts3.6" "@types/forwarded@ts3.6" "@types/fresh@ts3.6" "@types/fs-minipass@ts3.6" "@types/gauge@ts3.6" "@types/getpass@ts3.6" "@types/glob-parent@ts3.6" "@types/graceful-fs@ts3.6" "@types/http-cache-semantics@ts3.6" "@types/http-errors@ts3.6" "@types/http-signature@ts3.6" "@types/ignore-walk@ts3.6" "@types/imurmurhash@ts3.6" "@types/inherits@ts3.6" "@types/ini@ts3.6" "@types/is-ci@ts3.6" "@types/is-glob@ts3.6" "@types/is-number@ts3.6" "@types/is-typedarray@ts3.6" "@types/isarray@ts3.6" "@types/isexe@ts3.6" "@types/isstream@ts3.6" "@types/jsbn@ts3.6" "@types/json-buffer@ts3.6" "@types/json-schema@ts3.6" "@types/json-stringify-safe@ts3.6" "@types/jsprim@ts3.6" "@types/media-typer@ts3.6" "@types/merge-descriptors@ts3.6" "@types/methods@ts3.6" "@types/mime@ts3.6" "@types/mime-db@ts3.6" "@types/mime-types@ts3.6" "@types/minimist@ts3.6" "@types/minizlib@ts3.6" "@types/ms@ts3.6" "@types/needle@ts3.6" "@types/negotiator@ts3.6" "@types/nopt@ts3.6" "@types/normalize-path@ts3.6" "@types/npm-packlist@ts3.6" "@types/npmlog@ts3.6" "@types/number-is-nan@ts3.6" "@types/object-assign@ts3.6" "@types/on-finished@ts3.6" "@types/once@ts3.6" "@types/os-homedir@ts3.6" "@types/os-tmpdir@ts3.6" "@types/osenv@ts3.6" "@types/parseurl@ts3.6" "@types/path-is-absolute@ts3.6" "@types/picomatch@ts3.6" "@types/proxy-addr@ts3.6" "@types/psl@ts3.6" "@types/pump@ts3.6" "@types/punycode@ts3.6" "@types/qs@ts3.6" "@types/range-parser@ts3.6" "@types/rc@ts3.6" "@types/readable-stream@ts3.6" "@types/registry-auth-token@ts3.6" "@types/request@ts3.6" "@types/responselike@ts3.6" "@types/safer-buffer@ts3.6" "@types/sax@ts3.6" "@types/semver@ts3.6" "@types/send@ts3.6" "@types/serve-static@ts3.6" "@types/set-blocking@ts3.6" "@types/signal-exit@ts3.6" "@types/sshpk@ts3.6" "@types/statuses@ts3.6" "@types/supports-color@ts3.6" "@types/tar@ts3.6" "@types/to-regex-range@ts3.6" "@types/toidentifier@ts3.6" "@types/touch@ts3.6" "@types/tough-cookie@ts3.6" "@types/type-is@ts3.6" "@types/typedarray-to-buffer@ts3.6" "@types/update-notifier@ts3.6" "@types/url-parse-lax@ts3.6" "@types/util-deprecate@ts3.6" "@types/utils-merge@ts3.6" "@types/uuid@ts3.6" "@types/vary@ts3.6" "@types/verror@ts3.6" "@types/which@ts3.6" "@types/write-file-atomic@ts3.6" "@types/yallist@ts3.6" "--save-dev" "--user-agent=typesInstaller/3.6.3"
298 verbose node v12.18.3
299 verbose npm  v6.14.6
300 error code ETARGET
301 error notarget No matching version found for @types/fill-range@ts3.6.
302 error notarget In most cases you or one of your dependencies are requesting
302 error notarget a package version that doesn't exist.
303 verbose exit [ 1, true ]
