0 info it worked if it ends with ok
1 verbose cli [
1 verbose cli   '/usr/local/bin/node',
1 verbose cli   '/usr/local/bin/npm',
1 verbose cli   'install',
1 verbose cli   '--ignore-scripts',
1 verbose cli   '@types/abbrev@ts3.6',
1 verbose cli   '@types/accepts@ts3.6',
1 verbose cli   '@types/ansi-align@ts3.6',
1 verbose cli   '@types/are-we-there-yet@ts3.6',
1 verbose cli   '@types/asn1@ts3.6',
1 verbose cli   '@types/assert-plus@ts3.6',
1 verbose cli   '@types/aws4@ts3.6',
1 verbose cli   '@types/balanced-match@ts3.6',
1 verbose cli   '@types/body-parser@ts3.6',
1 verbose cli   '@types/brace-expansion@ts3.6',
1 verbose cli   '@types/braces@ts3.6',
1 verbose cli   '@types/bytes@ts3.6',
1 verbose cli   '@types/caseless@ts3.6',
1 verbose cli   '@types/chownr@ts3.6',
1 verbose cli   '@types/color-convert@ts3.6',
1 verbose cli   '@types/color-name@ts3.6',
1 verbose cli   '@types/color-support@ts3.6',
1 verbose cli   '@types/combined-stream@ts3.6',
1 verbose cli   '@types/concat-map@ts3.6',
1 verbose cli   '@types/configstore@ts3.6',
1 verbose cli   '@types/content-disposition@ts3.6',
1 verbose cli   '@types/content-type@ts3.6',
1 verbose cli   '@types/cookie@ts3.6',
1 verbose cli   '@types/cookie-signature@ts3.6',
1 verbose cli   '@types/core-util-is@ts3.6',
1 verbose cli   '@types/dashdash@ts3.6',
1 verbose cli   '@types/debug@ts3.6',
1 verbose cli   '@types/deep-extend@ts3.6',
1 verbose cli   '@types/delegates@ts3.6',
1 verbose cli   '@types/depd@ts3.6',
1 verbose cli   '@types/destroy@ts3.6',
1 verbose cli   '@types/detect-libc@ts3.6',
1 verbose cli   '@types/duplexer3@ts3.6',
1 verbose cli   '@types/ee-first@ts3.6',
1 verbose cli   '@types/encodeurl@ts3.6',
1 verbose cli   '@types/end-of-stream@ts3.6',
1 verbose cli   '@types/escape-html@ts3.6',
1 verbose cli   '@types/etag@ts3.6',
1 verbose cli   '@types/extend@ts3.6',
1 verbose cli   '@types/extsprintf@ts3.6',
1 verbose cli   '@types/fill-range@ts3.6',
1 verbose cli   '@types/finalhandler@ts3.6',
1 verbose cli   '@types/forever-agent@ts3.6',
1 verbose cli   '@types/forwarded@ts3.6',
1 verbose cli   '@types/fresh@ts3.6',
1 verbose cli   '@types/fs-minipass@ts3.6',
1 verbose cli   '@types/gauge@ts3.6',
1 verbose cli   '@types/getpass@ts3.6',
1 verbose cli   '@types/glob-parent@ts3.6',
1 verbose cli   '@types/graceful-fs@ts3.6',
1 verbose cli   '@types/http-cache-semantics@ts3.6',
1 verbose cli   '@types/http-errors@ts3.6',
1 verbose cli   '@types/http-signature@ts3.6',
1 verbose cli   '@types/ignore-walk@ts3.6',
1 verbose cli   '@types/imurmurhash@ts3.6',
1 verbose cli   '@types/inflight@ts3.6',
1 verbose cli   '@types/inherits@ts3.6',
1 verbose cli   '@types/ini@ts3.6',
1 verbose cli   '@types/is-ci@ts3.6',
1 verbose cli   '@types/is-glob@ts3.6',
1 verbose cli   '@types/is-number@ts3.6',
1 verbose cli   '@types/is-typedarray@ts3.6',
1 verbose cli   '@types/isarray@ts3.6',
1 verbose cli   '@types/isexe@ts3.6',
1 verbose cli   '@types/isstream@ts3.6',
1 verbose cli   '@types/jsbn@ts3.6',
1 verbose cli   '@types/json-buffer@ts3.6',
1 verbose cli   '@types/json-schema@ts3.6',
1 verbose cli   '@types/json-stringify-safe@ts3.6',
1 verbose cli   '@types/jsprim@ts3.6',
1 verbose cli   '@types/media-typer@ts3.6',
1 verbose cli   '@types/merge-descriptors@ts3.6',
1 verbose cli   '@types/methods@ts3.6',
1 verbose cli   '@types/mime@ts3.6',
1 verbose cli   '@types/mime-db@ts3.6',
1 verbose cli   '@types/mime-types@ts3.6',
1 verbose cli   '@types/minimist@ts3.6',
1 verbose cli   '@types/minizlib@ts3.6',
1 verbose cli   '@types/ms@ts3.6',
1 verbose cli   '@types/needle@ts3.6',
1 verbose cli   '@types/negotiator@ts3.6',
1 verbose cli   '@types/node-fetch@ts3.6',
1 verbose cli   '@types/nopt@ts3.6',
1 verbose cli   '@types/normalize-path@ts3.6',
1 verbose cli   '@types/npm-packlist@ts3.6',
1 verbose cli   '@types/npmlog@ts3.6',
1 verbose cli   '@types/number-is-nan@ts3.6',
1 verbose cli   '@types/object-assign@ts3.6',
1 verbose cli   '@types/on-finished@ts3.6',
1 verbose cli   '@types/once@ts3.6',
1 verbose cli   '@types/os-homedir@ts3.6',
1 verbose cli   '@types/os-tmpdir@ts3.6',
1 verbose cli   '@types/osenv@ts3.6',
1 verbose cli   '@types/parseurl@ts3.6',
1 verbose cli   '@types/path-is-absolute@ts3.6',
1 verbose cli   '@types/picomatch@ts3.6',
1 verbose cli   ... 43 more items
1 verbose cli ]
2 info using npm@6.14.6
3 info using node@v12.18.3
4 verbose npm-session 81e94bbb32aee1f5
5 silly install loadCurrentTree
6 silly install readLocalPackageData
7 http fetch GET 304 https://registry.npmjs.org/@types%2fbalanced-match 553ms (from cache)
8 http fetch GET 304 https://registry.npmjs.org/@types%2faws4 561ms (from cache)
9 http fetch GET 304 https://registry.npmjs.org/@types%2fasn1 570ms (from cache)
10 http fetch GET 304 https://registry.npmjs.org/@types%2fbrace-expansion 558ms (from cache)
11 http fetch GET 304 https://registry.npmjs.org/@types%2faccepts 579ms (from cache)
12 silly pacote tag manifest for @types/balanced-match@ts3.6 fetched in 578ms
13 silly pacote tag manifest for @types/aws4@ts3.6 fetched in 586ms
14 silly pacote tag manifest for @types/accepts@ts3.6 fetched in 599ms
15 http fetch GET 304 https://registry.npmjs.org/@types%2fabbrev 617ms (from cache)
16 http fetch GET 304 https://registry.npmjs.org/@types%2fassert-plus 606ms (from cache)
17 http fetch GET 304 https://registry.npmjs.org/@types%2fbody-parser 603ms (from cache)
18 silly pacote tag manifest for @types/brace-expansion@ts3.6 fetched in 611ms
19 silly pacote tag manifest for @types/asn1@ts3.6 fetched in 620ms
20 silly pacote tag manifest for @types/abbrev@ts3.6 fetched in 660ms
21 silly pacote tag manifest for @types/body-parser@ts3.6 fetched in 642ms
22 silly pacote tag manifest for @types/assert-plus@ts3.6 fetched in 651ms
23 http fetch GET 304 https://registry.npmjs.org/@types%2fbraces 119ms (from cache)
24 silly pacote tag manifest for @types/braces@ts3.6 fetched in 124ms
25 http fetch GET 304 https://registry.npmjs.org/@types%2fcaseless 176ms (from cache)
26 http fetch GET 304 https://registry.npmjs.org/@types%2fcolor-convert 155ms (from cache)
27 http fetch GET 304 https://registry.npmjs.org/@types%2fcolor-name 149ms (from cache)
28 silly pacote tag manifest for @types/caseless@ts3.6 fetched in 196ms
29 silly pacote tag manifest for @types/color-convert@ts3.6 fetched in 182ms
30 silly pacote tag manifest for @types/color-name@ts3.6 fetched in 172ms
31 http fetch GET 304 https://registry.npmjs.org/@types%2fbytes 290ms (from cache)
32 http fetch GET 304 https://registry.npmjs.org/@types%2fconcat-map 173ms (from cache)
33 silly pacote tag manifest for @types/bytes@ts3.6 fetched in 299ms
34 silly pacote tag manifest for @types/concat-map@ts3.6 fetched in 185ms
35 http fetch GET 304 https://registry.npmjs.org/@types%2fcombined-stream 247ms (from cache)
36 silly pacote tag manifest for @types/combined-stream@ts3.6 fetched in 269ms
37 http fetch GET 304 https://registry.npmjs.org/@types%2fcontent-disposition 138ms (from cache)
38 silly pacote tag manifest for @types/content-disposition@ts3.6 fetched in 152ms
39 http fetch GET 304 https://registry.npmjs.org/@types%2fcontent-type 151ms (from cache)
40 silly pacote tag manifest for @types/content-type@ts3.6 fetched in 156ms
41 http fetch GET 200 https://registry.npmjs.org/@types%2fcore-util-is 100ms
42 silly fetchPackageMetaData error for @types/core-util-is@ts3.6 No matching version found for @types/core-util-is@ts3.6.
43 http fetch GET 304 https://registry.npmjs.org/@types%2fcookie-signature 135ms (from cache)
44 silly pacote tag manifest for @types/cookie-signature@ts3.6 fetched in 143ms
45 http fetch GET 304 https://registry.npmjs.org/@types%2fdashdash 124ms (from cache)
46 http fetch GET 304 https://registry.npmjs.org/@types%2fcookie 192ms (from cache)
47 silly pacote tag manifest for @types/dashdash@ts3.6 fetched in 133ms
48 silly pacote tag manifest for @types/cookie@ts3.6 fetched in 202ms
49 http fetch GET 304 https://registry.npmjs.org/@types%2fdebug 166ms (from cache)
50 silly pacote tag manifest for @types/debug@ts3.6 fetched in 173ms
51 http fetch GET 304 https://registry.npmjs.org/@types%2fdepd 97ms (from cache)
52 silly pacote tag manifest for @types/depd@ts3.6 fetched in 106ms
53 http fetch GET 304 https://registry.npmjs.org/@types%2fdestroy 142ms (from cache)
54 silly pacote tag manifest for @types/destroy@ts3.6 fetched in 147ms
55 http fetch GET 304 https://registry.npmjs.org/@types%2fee-first 105ms (from cache)
56 silly pacote tag manifest for @types/ee-first@ts3.6 fetched in 112ms
57 http fetch GET 304 https://registry.npmjs.org/@types%2fduplexer3 208ms (from cache)
58 silly pacote tag manifest for @types/duplexer3@ts3.6 fetched in 219ms
59 http fetch GET 304 https://registry.npmjs.org/@types%2fencodeurl 112ms (from cache)
60 silly pacote tag manifest for @types/encodeurl@ts3.6 fetched in 120ms
61 http fetch GET 304 https://registry.npmjs.org/@types%2fend-of-stream 118ms (from cache)
62 silly pacote tag manifest for @types/end-of-stream@ts3.6 fetched in 125ms
63 http fetch GET 304 https://registry.npmjs.org/@types%2fetag 473ms (from cache)
64 http fetch GET 304 https://registry.npmjs.org/@types%2fare-we-there-yet 2025ms (from cache)
65 silly pacote tag manifest for @types/etag@ts3.6 fetched in 482ms
66 silly pacote tag manifest for @types/are-we-there-yet@ts3.6 fetched in 2039ms
67 http fetch GET 304 https://registry.npmjs.org/@types%2fextend 108ms (from cache)
68 silly pacote tag manifest for @types/extend@ts3.6 fetched in 119ms
69 http fetch GET 200 https://registry.npmjs.org/@types%2ffill-range 98ms
70 silly fetchPackageMetaData error for @types/fill-range@ts3.6 No matching version found for @types/fill-range@ts3.6.
71 http fetch GET 304 https://registry.npmjs.org/@types%2ffinalhandler 105ms (from cache)
72 http fetch GET 200 https://registry.npmjs.org/@types%2fcolor-support 1707ms
73 silly pacote tag manifest for @types/finalhandler@ts3.6 fetched in 122ms
74 http fetch GET 304 https://registry.npmjs.org/@types%2fforever-agent 100ms (from cache)
75 silly pacote tag manifest for @types/forever-agent@ts3.6 fetched in 111ms
76 http fetch GET 304 https://registry.npmjs.org/@types%2fforwarded 92ms (from cache)
77 silly pacote tag manifest for @types/forwarded@ts3.6 fetched in 99ms
78 http fetch GET 200 https://registry.npmjs.org/@types%2fansi-align 2631ms
79 silly fetchPackageMetaData error for @types/ansi-align@ts3.6 No matching version found for @types/ansi-align@ts3.6.
80 http fetch GET 304 https://registry.npmjs.org/@types%2ffresh 82ms (from cache)
81 silly pacote tag manifest for @types/fresh@ts3.6 fetched in 89ms
82 http fetch GET 200 https://registry.npmjs.org/@types%2ffs-minipass 87ms
83 silly fetchPackageMetaData error for @types/fs-minipass@ts3.6 No matching version found for @types/fs-minipass@ts3.6.
84 http fetch GET 304 https://registry.npmjs.org/@types%2fchownr 2141ms (from cache)
85 http fetch GET 200 https://registry.npmjs.org/@types%2fdelegates 1725ms
86 silly fetchPackageMetaData error for @types/delegates@ts3.6 No matching version found for @types/delegates@ts3.6.
87 silly pacote tag manifest for @types/chownr@ts3.6 fetched in 2153ms
88 http fetch GET 200 https://registry.npmjs.org/@types%2fgauge 195ms
89 silly fetchPackageMetaData error for @types/gauge@ts3.6 No matching version found for @types/gauge@ts3.6.
90 http fetch GET 304 https://registry.npmjs.org/@types%2fdeep-extend 1859ms (from cache)
91 http fetch GET 304 https://registry.npmjs.org/@types%2fconfigstore 2102ms (from cache)
92 silly pacote tag manifest for @types/deep-extend@ts3.6 fetched in 1886ms
93 silly pacote tag manifest for @types/configstore@ts3.6 fetched in 2134ms
94 http fetch GET 304 https://registry.npmjs.org/@types%2fgraceful-fs 176ms (from cache)
95 silly pacote tag manifest for @types/graceful-fs@ts3.6 fetched in 183ms
96 http fetch GET 304 https://registry.npmjs.org/@types%2fhttp-errors 92ms (from cache)
97 silly pacote tag manifest for @types/http-errors@ts3.6 fetched in 99ms
98 http fetch GET 304 https://registry.npmjs.org/@types%2fhttp-cache-semantics 205ms (from cache)
99 silly pacote tag manifest for @types/http-cache-semantics@ts3.6 fetched in 211ms
100 http fetch GET 304 https://registry.npmjs.org/@types%2fimurmurhash 89ms (from cache)
101 silly pacote tag manifest for @types/imurmurhash@ts3.6 fetched in 98ms
102 http fetch GET 200 https://registry.npmjs.org/@types%2finflight 83ms
103 silly fetchPackageMetaData error for @types/inflight@ts3.6 No matching version found for @types/inflight@ts3.6.
104 http fetch GET 304 https://registry.npmjs.org/@types%2finherits 112ms (from cache)
105 http fetch GET 304 https://registry.npmjs.org/@types%2fdetect-libc 2085ms (from cache)
106 silly pacote tag manifest for @types/inherits@ts3.6 fetched in 118ms
107 silly pacote tag manifest for @types/detect-libc@ts3.6 fetched in 2094ms
108 http fetch GET 304 https://registry.npmjs.org/@types%2fini 103ms (from cache)
109 silly pacote tag manifest for @types/ini@ts3.6 fetched in 114ms
110 http fetch GET 304 https://registry.npmjs.org/@types%2fis-glob 88ms (from cache)
111 silly pacote tag manifest for @types/is-glob@ts3.6 fetched in 96ms
112 http fetch GET 304 https://registry.npmjs.org/@types%2fis-number 114ms (from cache)
113 http fetch GET 304 https://registry.npmjs.org/@types%2fis-ci 170ms (from cache)
114 silly pacote tag manifest for @types/is-number@ts3.6 fetched in 135ms
115 silly pacote tag manifest for @types/is-ci@ts3.6 fetched in 200ms
116 http fetch GET 304 https://registry.npmjs.org/@types%2fglob-parent 696ms (from cache)
117 http fetch GET 304 https://registry.npmjs.org/@types%2fis-typedarray 148ms (from cache)
118 silly pacote tag manifest for @types/glob-parent@ts3.6 fetched in 721ms
119 silly pacote tag manifest for @types/is-typedarray@ts3.6 fetched in 168ms
120 http fetch GET 304 https://registry.npmjs.org/@types%2fisexe 126ms (from cache)
121 silly pacote tag manifest for @types/isexe@ts3.6 fetched in 145ms
122 http fetch GET 304 https://registry.npmjs.org/@types%2fisarray 200ms (from cache)
123 silly pacote tag manifest for @types/isarray@ts3.6 fetched in 212ms
124 http fetch GET 304 https://registry.npmjs.org/@types%2fjsbn 126ms (from cache)
125 silly pacote tag manifest for @types/jsbn@ts3.6 fetched in 132ms
126 http fetch GET 304 https://registry.npmjs.org/@types%2fjson-buffer 145ms (from cache)
127 silly pacote tag manifest for @types/json-buffer@ts3.6 fetched in 154ms
128 http fetch GET 304 https://registry.npmjs.org/@types%2fescape-html 2291ms (from cache)
129 http fetch GET 304 https://registry.npmjs.org/@types%2fjson-stringify-safe 129ms (from cache)
130 http fetch GET 304 https://registry.npmjs.org/@types%2fjson-schema 138ms (from cache)
131 silly pacote tag manifest for @types/escape-html@ts3.6 fetched in 2304ms
132 silly pacote tag manifest for @types/json-schema@ts3.6 fetched in 149ms
133 silly pacote tag manifest for @types/json-stringify-safe@ts3.6 fetched in 144ms
134 http fetch GET 200 https://registry.npmjs.org/@types%2fjsprim 82ms
135 silly fetchPackageMetaData error for @types/jsprim@ts3.6 No matching version found for @types/jsprim@ts3.6.
136 http fetch GET 304 https://registry.npmjs.org/@types%2fmethods 98ms (from cache)
137 http fetch GET 304 https://registry.npmjs.org/@types%2fmedia-typer 108ms (from cache)
138 silly pacote tag manifest for @types/methods@ts3.6 fetched in 106ms
139 http fetch GET 304 https://registry.npmjs.org/@types%2fmerge-descriptors 108ms (from cache)
140 silly pacote tag manifest for @types/media-typer@ts3.6 fetched in 119ms
141 silly pacote tag manifest for @types/merge-descriptors@ts3.6 fetched in 119ms
142 http fetch GET 304 https://registry.npmjs.org/@types%2fmime-db 104ms (from cache)
143 silly pacote tag manifest for @types/mime-db@ts3.6 fetched in 113ms
144 http fetch GET 304 https://registry.npmjs.org/@types%2fmime 196ms (from cache)
145 http fetch GET 304 https://registry.npmjs.org/@types%2fmime-types 124ms (from cache)
146 silly pacote tag manifest for @types/mime@ts3.6 fetched in 205ms
147 silly pacote tag manifest for @types/mime-types@ts3.6 fetched in 133ms
148 http fetch GET 304 https://registry.npmjs.org/@types%2fminizlib 94ms (from cache)
149 silly pacote tag manifest for @types/minizlib@ts3.6 fetched in 113ms
150 http fetch GET 304 https://registry.npmjs.org/@types%2fms 105ms (from cache)
151 silly pacote tag manifest for @types/ms@ts3.6 fetched in 115ms
152 http fetch GET 304 https://registry.npmjs.org/@types%2fneedle 116ms (from cache)
153 silly pacote tag manifest for @types/needle@ts3.6 fetched in 126ms
154 http fetch GET 304 https://registry.npmjs.org/@types%2fnegotiator 107ms (from cache)
155 silly pacote tag manifest for @types/negotiator@ts3.6 fetched in 118ms
156 http fetch GET 304 https://registry.npmjs.org/@types%2fextsprintf 2215ms (from cache)
157 silly pacote tag manifest for @types/extsprintf@ts3.6 fetched in 2225ms
158 http fetch GET 304 https://registry.npmjs.org/@types%2fnopt 104ms (from cache)
159 silly pacote tag manifest for @types/nopt@ts3.6 fetched in 115ms
160 http fetch GET 200 https://registry.npmjs.org/@types%2fnode-fetch 192ms
161 http fetch GET 304 https://registry.npmjs.org/@types%2fnormalize-path 112ms (from cache)
162 silly pacote tag manifest for @types/normalize-path@ts3.6 fetched in 123ms
163 http fetch GET 304 https://registry.npmjs.org/@types%2fnpmlog 117ms (from cache)
164 silly pacote tag manifest for @types/npmlog@ts3.6 fetched in 123ms
165 http fetch GET 200 https://registry.npmjs.org/@types/node-fetch/-/node-fetch-2.5.12.tgz 134ms
166 http fetch GET 200 https://registry.npmjs.org/@types/color-support/-/color-support-1.1.1.tgz 2118ms
167 silly pacote tag manifest for @types/node-fetch@ts3.6 fetched in 347ms
168 silly pacote tag manifest for @types/color-support@ts3.6 fetched in 3846ms
169 http fetch GET 304 https://registry.npmjs.org/@types%2fnumber-is-nan 170ms (from cache)
170 silly pacote tag manifest for @types/number-is-nan@ts3.6 fetched in 177ms
171 http fetch GET 304 https://registry.npmjs.org/@types%2fon-finished 109ms (from cache)
172 http fetch GET 304 https://registry.npmjs.org/@types%2fonce 104ms (from cache)
173 silly pacote tag manifest for @types/on-finished@ts3.6 fetched in 118ms
174 silly pacote tag manifest for @types/once@ts3.6 fetched in 117ms
175 http fetch GET 304 https://registry.npmjs.org/@types%2fos-tmpdir 187ms (from cache)
176 silly pacote tag manifest for @types/os-tmpdir@ts3.6 fetched in 196ms
177 http fetch GET 304 https://registry.npmjs.org/@types%2fisstream 1362ms (from cache)
178 silly pacote tag manifest for @types/isstream@ts3.6 fetched in 1371ms
179 http fetch GET 304 https://registry.npmjs.org/@types%2fparseurl 91ms (from cache)
180 silly pacote tag manifest for @types/parseurl@ts3.6 fetched in 100ms
181 http fetch GET 200 https://registry.npmjs.org/@types%2fhttp-signature 2091ms
182 silly fetchPackageMetaData error for @types/http-signature@ts3.6 No matching version found for @types/http-signature@ts3.6.
183 http fetch GET 304 https://registry.npmjs.org/@types%2fignore-walk 2074ms (from cache)
184 http fetch GET 304 https://registry.npmjs.org/@types%2fgetpass 2319ms (from cache)
185 http fetch GET 304 https://registry.npmjs.org/@types%2fpath-is-absolute 174ms (from cache)
186 silly pacote tag manifest for @types/ignore-walk@ts3.6 fetched in 2090ms
187 silly pacote tag manifest for @types/getpass@ts3.6 fetched in 2337ms
188 silly pacote tag manifest for @types/path-is-absolute@ts3.6 fetched in 194ms
189 http fetch GET 304 https://registry.npmjs.org/@types%2fpicomatch 149ms (from cache)
190 silly pacote tag manifest for @types/picomatch@ts3.6 fetched in 160ms
191 http fetch GET 304 https://registry.npmjs.org/@types%2fpsl 156ms (from cache)
192 http fetch GET 304 https://registry.npmjs.org/@types%2fpunycode 150ms (from cache)
193 http fetch GET 304 https://registry.npmjs.org/@types%2fpump 160ms (from cache)
194 silly pacote tag manifest for @types/psl@ts3.6 fetched in 172ms
195 silly pacote tag manifest for @types/punycode@ts3.6 fetched in 169ms
196 silly pacote tag manifest for @types/pump@ts3.6 fetched in 180ms
197 http fetch GET 304 https://registry.npmjs.org/@types%2fqs 163ms (from cache)
198 silly pacote tag manifest for @types/qs@ts3.6 fetched in 180ms
199 http fetch GET 304 https://registry.npmjs.org/@types%2fproxy-addr 245ms (from cache)
200 silly pacote tag manifest for @types/proxy-addr@ts3.6 fetched in 255ms
201 http fetch GET 304 https://registry.npmjs.org/@types%2frange-parser 123ms (from cache)
202 silly pacote tag manifest for @types/range-parser@ts3.6 fetched in 128ms
203 http fetch GET 304 https://registry.npmjs.org/@types%2freadable-stream 116ms (from cache)
204 silly pacote tag manifest for @types/readable-stream@ts3.6 fetched in 123ms
205 http fetch GET 304 https://registry.npmjs.org/@types%2frequest 108ms (from cache)
206 silly pacote tag manifest for @types/request@ts3.6 fetched in 115ms
207 http fetch GET 304 https://registry.npmjs.org/@types%2fsafer-buffer 95ms (from cache)
208 silly pacote tag manifest for @types/safer-buffer@ts3.6 fetched in 105ms
209 http fetch GET 304 https://registry.npmjs.org/@types%2fsax 95ms (from cache)
210 silly pacote tag manifest for @types/sax@ts3.6 fetched in 104ms
211 http fetch GET 304 https://registry.npmjs.org/@types%2fsend 81ms (from cache)
212 silly pacote tag manifest for @types/send@ts3.6 fetched in 87ms
213 http fetch GET 304 https://registry.npmjs.org/@types%2fnpm-packlist 1365ms (from cache)
214 silly pacote tag manifest for @types/npm-packlist@ts3.6 fetched in 1370ms
215 http fetch GET 304 https://registry.npmjs.org/@types%2fserve-static 89ms (from cache)
216 silly pacote tag manifest for @types/serve-static@ts3.6 fetched in 99ms
217 http fetch GET 304 https://registry.npmjs.org/@types%2fsignal-exit 86ms (from cache)
218 silly pacote tag manifest for @types/signal-exit@ts3.6 fetched in 91ms
219 http fetch GET 304 https://registry.npmjs.org/@types%2fsshpk 87ms (from cache)
220 silly pacote tag manifest for @types/sshpk@ts3.6 fetched in 95ms
221 http fetch GET 304 https://registry.npmjs.org/@types%2fstatuses 109ms (from cache)
222 silly pacote tag manifest for @types/statuses@ts3.6 fetched in 114ms
223 http fetch GET 304 https://registry.npmjs.org/@types%2fminimist 2133ms (from cache)
224 silly pacote tag manifest for @types/minimist@ts3.6 fetched in 2141ms
225 http fetch GET 304 https://registry.npmjs.org/@types%2fsupports-color 98ms (from cache)
226 silly pacote tag manifest for @types/supports-color@ts3.6 fetched in 107ms
227 http fetch GET 200 https://registry.npmjs.org/@types%2ftar 119ms
228 silly pacote tag manifest for @types/tar@ts3.6 fetched in 127ms
229 http fetch GET 200 https://registry.npmjs.org/@types%2fto-regex-range 164ms
230 silly fetchPackageMetaData error for @types/to-regex-range@ts3.6 No matching version found for @types/to-regex-range@ts3.6.
231 http fetch GET 304 https://registry.npmjs.org/@types%2fosenv 1954ms (from cache)
232 silly pacote tag manifest for @types/osenv@ts3.6 fetched in 1961ms
233 http fetch GET 304 https://registry.npmjs.org/@types%2fsemver 1177ms (from cache)
234 http fetch GET 304 https://registry.npmjs.org/@types%2fobject-assign 2246ms (from cache)
235 http fetch GET 304 https://registry.npmjs.org/@types%2frc 1422ms (from cache)
236 silly pacote tag manifest for @types/semver@ts3.6 fetched in 1198ms
237 silly pacote tag manifest for @types/object-assign@ts3.6 fetched in 2279ms
238 silly pacote tag manifest for @types/rc@ts3.6 fetched in 1456ms
239 http fetch GET 304 https://registry.npmjs.org/@types%2ftough-cookie 136ms (from cache)
240 silly pacote tag manifest for @types/tough-cookie@ts3.6 fetched in 142ms
241 http fetch GET 200 https://registry.npmjs.org/@types%2ftr46 89ms
242 silly fetchPackageMetaData error for @types/tr46@ts3.6 No matching version found for @types/tr46@ts3.6.
243 http fetch GET 200 https://registry.npmjs.org/@types%2ftypedarray-to-buffer 89ms
244 silly fetchPackageMetaData error for @types/typedarray-to-buffer@ts3.6 No matching version found for @types/typedarray-to-buffer@ts3.6.
245 http fetch GET 304 https://registry.npmjs.org/@types%2ftype-is 121ms (from cache)
246 silly pacote tag manifest for @types/type-is@ts3.6 fetched in 131ms
247 http fetch GET 200 https://registry.npmjs.org/@types%2furl-parse-lax 92ms
248 silly fetchPackageMetaData error for @types/url-parse-lax@ts3.6 No matching version found for @types/url-parse-lax@ts3.6.
249 http fetch GET 304 https://registry.npmjs.org/@types%2futil-deprecate 104ms (from cache)
250 silly pacote tag manifest for @types/util-deprecate@ts3.6 fetched in 113ms
251 http fetch GET 304 https://registry.npmjs.org/@types%2futils-merge 103ms (from cache)
252 silly pacote tag manifest for @types/utils-merge@ts3.6 fetched in 116ms
253 http fetch GET 304 https://registry.npmjs.org/@types%2fuuid 97ms (from cache)
254 silly pacote tag manifest for @types/uuid@ts3.6 fetched in 105ms
255 http fetch GET 304 https://registry.npmjs.org/@types%2fvary 81ms (from cache)
256 silly pacote tag manifest for @types/vary@ts3.6 fetched in 86ms
257 http fetch GET 200 https://registry.npmjs.org/@types%2fwebidl-conversions 84ms
258 http fetch GET 200 https://registry.npmjs.org/@types%2fwhatwg-url 97ms
259 http fetch GET 304 https://registry.npmjs.org/@types%2fos-homedir 2564ms (from cache)
260 silly pacote tag manifest for @types/os-homedir@ts3.6 fetched in 2571ms
261 http fetch GET 304 https://registry.npmjs.org/@types%2fregistry-auth-token 1859ms (from cache)
262 silly pacote tag manifest for @types/registry-auth-token@ts3.6 fetched in 1867ms
263 http fetch GET 200 https://registry.npmjs.org/@types/whatwg-url/-/whatwg-url-8.2.1.tgz 100ms
264 http fetch GET 304 https://registry.npmjs.org/@types%2fwhich 85ms (from cache)
265 silly pacote tag manifest for @types/whatwg-url@ts3.6 fetched in 215ms
266 silly pacote tag manifest for @types/which@ts3.6 fetched in 93ms
267 http fetch GET 304 https://registry.npmjs.org/@types%2fwrite-file-atomic 102ms (from cache)
268 silly pacote tag manifest for @types/write-file-atomic@ts3.6 fetched in 109ms
269 http fetch GET 304 https://registry.npmjs.org/@types%2fyallist 88ms (from cache)
270 silly pacote tag manifest for @types/yallist@ts3.6 fetched in 96ms
271 http fetch GET 304 https://registry.npmjs.org/@types%2fresponselike 2107ms (from cache)
272 silly pacote tag manifest for @types/responselike@ts3.6 fetched in 2114ms
273 http fetch GET 200 https://registry.npmjs.org/@types%2ftoidentifier 1369ms
274 silly fetchPackageMetaData error for @types/toidentifier@ts3.6 No matching version found for @types/toidentifier@ts3.6.
275 http fetch GET 200 https://registry.npmjs.org/@types%2fset-blocking 2183ms
276 silly fetchPackageMetaData error for @types/set-blocking@ts3.6 No matching version found for @types/set-blocking@ts3.6.
277 http fetch GET 304 https://registry.npmjs.org/@types%2ftouch 1893ms (from cache)
278 http fetch GET 200 https://registry.npmjs.org/@types/webidl-conversions/-/webidl-conversions-6.1.1.tgz 1128ms
279 silly pacote tag manifest for @types/touch@ts3.6 fetched in 1904ms
280 silly pacote tag manifest for @types/webidl-conversions@ts3.6 fetched in 1227ms
281 http fetch GET 304 https://registry.npmjs.org/@types%2fupdate-notifier 1771ms (from cache)
282 silly pacote tag manifest for @types/update-notifier@ts3.6 fetched in 1776ms
283 http fetch GET 304 https://registry.npmjs.org/@types%2fverror 2017ms (from cache)
284 silly pacote tag manifest for @types/verror@ts3.6 fetched in 2025ms
285 timing stage:rollbackFailedOptional Completed in 1ms
286 timing stage:runTopLevelLifecycles Completed in 9107ms
287 verbose type tag
288 verbose stack @types/core-util-is: No matching version found for @types/core-util-is@ts3.6.
288 verbose stack     at pickManifest (/usr/local/lib/node_modules/npm/node_modules/npm-pick-manifest/index.js:122:13)
288 verbose stack     at /usr/local/lib/node_modules/npm/node_modules/pacote/lib/fetchers/registry/manifest.js:24:14
288 verbose stack     at tryCatcher (/usr/local/lib/node_modules/npm/node_modules/bluebird/js/release/util.js:16:23)
288 verbose stack     at Promise._settlePromiseFromHandler (/usr/local/lib/node_modules/npm/node_modules/bluebird/js/release/promise.js:517:31)
288 verbose stack     at Promise._settlePromise (/usr/local/lib/node_modules/npm/node_modules/bluebird/js/release/promise.js:574:18)
288 verbose stack     at Promise._settlePromise0 (/usr/local/lib/node_modules/npm/node_modules/bluebird/js/release/promise.js:619:10)
288 verbose stack     at Promise._settlePromises (/usr/local/lib/node_modules/npm/node_modules/bluebird/js/release/promise.js:699:18)
288 verbose stack     at _drainQueueStep (/usr/local/lib/node_modules/npm/node_modules/bluebird/js/release/async.js:138:12)
288 verbose stack     at _drainQueue (/usr/local/lib/node_modules/npm/node_modules/bluebird/js/release/async.js:131:9)
288 verbose stack     at Async._drainQueues (/usr/local/lib/node_modules/npm/node_modules/bluebird/js/release/async.js:147:5)
288 verbose stack     at Immediate.Async.drainQueues [as _onImmediate] (/usr/local/lib/node_modules/npm/node_modules/bluebird/js/release/async.js:17:14)
288 verbose stack     at processImmediate (internal/timers.js:456:21)
289 verbose cwd /home/theia/.cache/typescript/3.6
290 verbose Linux 5.15.90.1-microsoft-standard-WSL2
291 verbose argv "/usr/local/bin/node" "/usr/local/bin/npm" "install" "--ignore-scripts" "@types/abbrev@ts3.6" "@types/accepts@ts3.6" "@types/ansi-align@ts3.6" "@types/are-we-there-yet@ts3.6" "@types/asn1@ts3.6" "@types/assert-plus@ts3.6" "@types/aws4@ts3.6" "@types/balanced-match@ts3.6" "@types/body-parser@ts3.6" "@types/brace-expansion@ts3.6" "@types/braces@ts3.6" "@types/bytes@ts3.6" "@types/caseless@ts3.6" "@types/chownr@ts3.6" "@types/color-convert@ts3.6" "@types/color-name@ts3.6" "@types/color-support@ts3.6" "@types/combined-stream@ts3.6" "@types/concat-map@ts3.6" "@types/configstore@ts3.6" "@types/content-disposition@ts3.6" "@types/content-type@ts3.6" "@types/cookie@ts3.6" "@types/cookie-signature@ts3.6" "@types/core-util-is@ts3.6" "@types/dashdash@ts3.6" "@types/debug@ts3.6" "@types/deep-extend@ts3.6" "@types/delegates@ts3.6" "@types/depd@ts3.6" "@types/destroy@ts3.6" "@types/detect-libc@ts3.6" "@types/duplexer3@ts3.6" "@types/ee-first@ts3.6" "@types/encodeurl@ts3.6" "@types/end-of-stream@ts3.6" "@types/escape-html@ts3.6" "@types/etag@ts3.6" "@types/extend@ts3.6" "@types/extsprintf@ts3.6" "@types/fill-range@ts3.6" "@types/finalhandler@ts3.6" "@types/forever-agent@ts3.6" "@types/forwarded@ts3.6" "@types/fresh@ts3.6" "@types/fs-minipass@ts3.6" "@types/gauge@ts3.6" "@types/getpass@ts3.6" "@types/glob-parent@ts3.6" "@types/graceful-fs@ts3.6" "@types/http-cache-semantics@ts3.6" "@types/http-errors@ts3.6" "@types/http-signature@ts3.6" "@types/ignore-walk@ts3.6" "@types/imurmurhash@ts3.6" "@types/inflight@ts3.6" "@types/inherits@ts3.6" "@types/ini@ts3.6" "@types/is-ci@ts3.6" "@types/is-glob@ts3.6" "@types/is-number@ts3.6" "@types/is-typedarray@ts3.6" "@types/isarray@ts3.6" "@types/isexe@ts3.6" "@types/isstream@ts3.6" "@types/jsbn@ts3.6" "@types/json-buffer@ts3.6" "@types/json-schema@ts3.6" "@types/json-stringify-safe@ts3.6" "@types/jsprim@ts3.6" "@types/media-typer@ts3.6" "@types/merge-descriptors@ts3.6" "@types/methods@ts3.6" "@types/mime@ts3.6" "@types/mime-db@ts3.6" "@types/mime-types@ts3.6" "@types/minimist@ts3.6" "@types/minizlib@ts3.6" "@types/ms@ts3.6" "@types/needle@ts3.6" "@types/negotiator@ts3.6" "@types/node-fetch@ts3.6" "@types/nopt@ts3.6" "@types/normalize-path@ts3.6" "@types/npm-packlist@ts3.6" "@types/npmlog@ts3.6" "@types/number-is-nan@ts3.6" "@types/object-assign@ts3.6" "@types/on-finished@ts3.6" "@types/once@ts3.6" "@types/os-homedir@ts3.6" "@types/os-tmpdir@ts3.6" "@types/osenv@ts3.6" "@types/parseurl@ts3.6" "@types/path-is-absolute@ts3.6" "@types/picomatch@ts3.6" "@types/proxy-addr@ts3.6" "@types/psl@ts3.6" "@types/pump@ts3.6" "@types/punycode@ts3.6" "@types/qs@ts3.6" "@types/range-parser@ts3.6" "@types/rc@ts3.6" "@types/readable-stream@ts3.6" "@types/registry-auth-token@ts3.6" "@types/request@ts3.6" "@types/responselike@ts3.6" "@types/safer-buffer@ts3.6" "@types/sax@ts3.6" "@types/semver@ts3.6" "@types/send@ts3.6" "@types/serve-static@ts3.6" "@types/set-blocking@ts3.6" "@types/signal-exit@ts3.6" "@types/sshpk@ts3.6" "@types/statuses@ts3.6" "@types/supports-color@ts3.6" "@types/tar@ts3.6" "@types/to-regex-range@ts3.6" "@types/toidentifier@ts3.6" "@types/touch@ts3.6" "@types/tough-cookie@ts3.6" "@types/tr46@ts3.6" "@types/type-is@ts3.6" "@types/typedarray-to-buffer@ts3.6" "@types/update-notifier@ts3.6" "@types/url-parse-lax@ts3.6" "@types/util-deprecate@ts3.6" "@types/utils-merge@ts3.6" "@types/uuid@ts3.6" "@types/vary@ts3.6" "@types/verror@ts3.6" "@types/webidl-conversions@ts3.6" "@types/whatwg-url@ts3.6" "@types/which@ts3.6" "@types/write-file-atomic@ts3.6" "@types/yallist@ts3.6" "--save-dev" "--user-agent=typesInstaller/3.6.3"
292 verbose node v12.18.3
293 verbose npm  v6.14.6
294 error code ETARGET
295 error notarget No matching version found for @types/core-util-is@ts3.6.
296 error notarget In most cases you or one of your dependencies are requesting
296 error notarget a package version that doesn't exist.
297 verbose exit [ 1, true ]
